#
# There is insufficient memory for the Java Runtime Environment to continue.
# Native memory allocation (mmap) failed to map 243269632 bytes for G1 virtual space
# Possible reasons:
#   The system is out of physical RAM or swap space
#   The process is running with CompressedOops enabled, and the Java Heap may be blocking the growth of the native heap
# Possible solutions:
#   Reduce memory load on the system
#   Increase physical memory or swap space
#   Check if swap backing store is full
#   Decrease Java heap size (-Xmx/-Xms)
#   Decrease number of Java threads
#   Decrease Java thread stack sizes (-Xss)
#   Set larger code cache with -XX:ReservedCodeCacheSize=
#   JVM is running with Unscaled Compressed Oops mode in which the Java heap is
#     placed in the first 4GB address space. The Java Heap base address is the
#     maximum limit for the native heap growth. Please use -XX:HeapBaseMinAddress
#     to set the Java Heap base and to place the Java Heap above 4GB virtual address.
# This output file may be truncated or incomplete.
#
#  Out of Memory Error (os_windows.cpp:3769), pid=6980, tid=15840
#
# JRE version: OpenJDK Runtime Environment (17.0.6) (build 17.0.6+0-b2043.56-10027231)
# Java VM: OpenJDK 64-Bit Server VM (17.0.6+0-b2043.56-10027231, mixed mode, tiered, compressed oops, compressed class ptrs, g1 gc, windows-amd64)
# No core dump will be written. Minidumps are not enabled by default on client versions of Windows
#

---------------  S U M M A R Y ------------

Command Line: --add-opens=java.base/java.util=ALL-UNNAMED --add-opens=java.base/java.lang=ALL-UNNAMED --add-opens=java.base/java.lang.invoke=ALL-UNNAMED --add-opens=java.prefs/java.util.prefs=ALL-UNNAMED --add-opens=java.base/java.nio.charset=ALL-UNNAMED --add-opens=java.base/java.net=ALL-UNNAMED --add-opens=java.base/java.util.concurrent.atomic=ALL-UNNAMED -Xmx2048m -Dfile.encoding=UTF-8 -Duser.country=BR -Duser.language=pt -Duser.variant org.gradle.launcher.daemon.bootstrap.GradleDaemon 8.0

Host: Intel(R) Core(TM) i5-7300U CPU @ 2.60GHz, 4 cores, 7G,  Windows 10 , 64 bit Build 19041 (10.0.19041.3636)
Time: Mon Mar 25 21:40:00 2024 Hora oficial do Brasil elapsed time: 49.379480 seconds (0d 0h 0m 49s)

---------------  T H R E A D  ---------------

Current thread (0x000001c152f15650):  VMThread "VM Thread" [stack: 0x000000a950800000,0x000000a950900000] [id=15840]

Stack: [0x000000a950800000,0x000000a950900000]
Native frames: (J=compiled Java code, j=interpreted, Vv=VM code, C=native code)
V  [jvm.dll+0x683c9a]
V  [jvm.dll+0x8427a4]
V  [jvm.dll+0x843f9e]
V  [jvm.dll+0x844603]
V  [jvm.dll+0x249b75]
V  [jvm.dll+0x680b69]
V  [jvm.dll+0x67505a]
V  [jvm.dll+0x309acb]
V  [jvm.dll+0x310f86]
V  [jvm.dll+0x3608ee]
V  [jvm.dll+0x360b1f]
V  [jvm.dll+0x2dfbf8]
V  [jvm.dll+0x2ddec4]
V  [jvm.dll+0x2dd4cc]
V  [jvm.dll+0x321f3b]
V  [jvm.dll+0x848ccb]
V  [jvm.dll+0x849a04]
V  [jvm.dll+0x849f1d]
V  [jvm.dll+0x84a2f4]
V  [jvm.dll+0x84a3c0]
V  [jvm.dll+0x7f274a]
V  [jvm.dll+0x682ad5]
C  [ucrtbase.dll+0x21bb2]
C  [KERNEL32.DLL+0x17344]
C  [ntdll.dll+0x526b1]

VM_Operation (0x000000a951ef4e80): G1CollectForAllocation, mode: safepoint, requested by thread 0x000001c156f79c90


---------------  P R O C E S S  ---------------

Threads class SMR info:
_java_thread_list=0x000001c1657b1890, length=83, elements={
0x000001c13994fa20, 0x000001c152f37260, 0x000001c152f387f0, 0x000001c1538213b0,
0x000001c153821e70, 0x000001c153824740, 0x000001c153827010, 0x000001c1538289f0,
0x000001c15383aa70, 0x000001c15385fb30, 0x000001c1539d0020, 0x000001c1539d0900,
0x000001c156f7afd0, 0x000001c156f78950, 0x000001c156f7b970, 0x000001c156f7be40,
0x000001c156f792f0, 0x000001c156f78e20, 0x000001c156f79c90, 0x000001c156f78480,
0x000001c156f797c0, 0x000001c156f7a160, 0x000001c156f7a630, 0x000001c156f7ab00,
0x000001c156f7b4a0, 0x000001c156b6e080, 0x000001c156b6c870, 0x000001c156b6e550,
0x000001c156b6ea20, 0x000001c156b71f10, 0x000001c156b710a0, 0x000001c156b6b530,
0x000001c156b6eef0, 0x000001c156b6bed0, 0x000001c156b723e0, 0x000001c156b71a40,
0x000001c156b6fd60, 0x000001c156b6d6e0, 0x000001c15997e9d0, 0x000001c15997fd10,
0x000001c1599784c0, 0x000001c15997b9b0, 0x000001c15997ccf0, 0x000001c15997e500,
0x000001c159978e60, 0x000001c15997b010, 0x000001c159978990, 0x000001c159979cd0,
0x000001c15997be80, 0x000001c15997c350, 0x000001c15997e030, 0x000001c156b6b060,
0x000001c156b6dbb0, 0x000001c159cadb50, 0x000001c159cb06a0, 0x000001c159cae4f0,
0x000001c159cb0b70, 0x000001c159cb01d0, 0x000001c159cac340, 0x000001c159cabe70,
0x000001c159cab4d0, 0x000001c159cae020, 0x000001c159cb19e0, 0x000001c159caf360,
0x000001c159cad1b0, 0x000001c159cab9a0, 0x000001c159cb1eb0, 0x000001c159cb1040,
0x000001c159cae9c0, 0x000001c159cb1510, 0x000001c159caee90, 0x000001c159cb2380,
0x000001c159cad680, 0x000001c159caf830, 0x000001c159cb2d20, 0x000001c159cb2850,
0x000001c159cafd00, 0x000001c159cac810, 0x000001c159cacce0, 0x000001c1594be550,
0x000001c1594bbed0, 0x000001c1594bf3c0, 0x000001c161429c50
}

Java Threads: ( => current thread )
  0x000001c13994fa20 JavaThread "main" [_thread_blocked, id=13708, stack(0x000000a950200000,0x000000a950300000)]
  0x000001c152f37260 JavaThread "Reference Handler" daemon [_thread_blocked, id=14972, stack(0x000000a950900000,0x000000a950a00000)]
  0x000001c152f387f0 JavaThread "Finalizer" daemon [_thread_blocked, id=16980, stack(0x000000a950a00000,0x000000a950b00000)]
  0x000001c1538213b0 JavaThread "Signal Dispatcher" daemon [_thread_blocked, id=16276, stack(0x000000a950b00000,0x000000a950c00000)]
  0x000001c153821e70 JavaThread "Attach Listener" daemon [_thread_blocked, id=2724, stack(0x000000a950c00000,0x000000a950d00000)]
  0x000001c153824740 JavaThread "Service Thread" daemon [_thread_blocked, id=16708, stack(0x000000a950d00000,0x000000a950e00000)]
  0x000001c153827010 JavaThread "Monitor Deflation Thread" daemon [_thread_blocked, id=16516, stack(0x000000a950e00000,0x000000a950f00000)]
  0x000001c1538289f0 JavaThread "C2 CompilerThread0" daemon [_thread_blocked, id=10692, stack(0x000000a950f00000,0x000000a951000000)]
  0x000001c15383aa70 JavaThread "C1 CompilerThread0" daemon [_thread_blocked, id=15476, stack(0x000000a951000000,0x000000a951100000)]
  0x000001c15385fb30 JavaThread "Sweeper thread" daemon [_thread_blocked, id=18288, stack(0x000000a951100000,0x000000a951200000)]
  0x000001c1539d0020 JavaThread "Common-Cleaner" daemon [_thread_blocked, id=15492, stack(0x000000a951200000,0x000000a951300000)]
  0x000001c1539d0900 JavaThread "Notification Thread" daemon [_thread_blocked, id=15084, stack(0x000000a951300000,0x000000a951400000)]
  0x000001c156f7afd0 JavaThread "Daemon health stats" [_thread_blocked, id=6400, stack(0x000000a951900000,0x000000a951a00000)]
  0x000001c156f78950 JavaThread "Incoming local TCP Connector on port 65003" [_thread_in_native, id=15296, stack(0x000000a951800000,0x000000a951900000)]
  0x000001c156f7b970 JavaThread "Daemon periodic checks" [_thread_blocked, id=17420, stack(0x000000a951a00000,0x000000a951b00000)]
  0x000001c156f7be40 JavaThread "Daemon" [_thread_blocked, id=13024, stack(0x000000a951b00000,0x000000a951c00000)]
  0x000001c156f792f0 JavaThread "Handler for socket connection from /127.0.0.1:65003 to /127.0.0.1:65004" [_thread_in_native, id=11404, stack(0x000000a951c00000,0x000000a951d00000)]
  0x000001c156f78e20 JavaThread "Cancel handler" [_thread_blocked, id=12956, stack(0x000000a951d00000,0x000000a951e00000)]
  0x000001c156f79c90 JavaThread "Daemon worker" [_thread_blocked, id=6764, stack(0x000000a951e00000,0x000000a951f00000)]
  0x000001c156f78480 JavaThread "Asynchronous log dispatcher for DefaultDaemonConnection: socket connection from /127.0.0.1:65003 to /127.0.0.1:65004" [_thread_blocked, id=13240, stack(0x000000a951f00000,0x000000a952000000)]
  0x000001c156f797c0 JavaThread "Stdin handler" [_thread_blocked, id=15576, stack(0x000000a952000000,0x000000a952100000)]
  0x000001c156f7a160 JavaThread "Daemon client event forwarder" [_thread_blocked, id=17540, stack(0x000000a952100000,0x000000a952200000)]
  0x000001c156f7a630 JavaThread "Cache worker for journal cache (C:\Users\aluno.LABINFO\.gradle\caches\journal-1)" [_thread_blocked, id=16284, stack(0x000000a952200000,0x000000a952300000)]
  0x000001c156f7ab00 JavaThread "File lock request listener" [_thread_in_native, id=13444, stack(0x000000a952300000,0x000000a952400000)]
  0x000001c156f7b4a0 JavaThread "Cache worker for file hash cache (C:\Users\aluno.LABINFO\.gradle\caches\8.0\fileHashes)" [_thread_blocked, id=16408, stack(0x000000a952400000,0x000000a952500000)]
  0x000001c156b6e080 JavaThread "File watcher server" daemon [_thread_in_native, id=13324, stack(0x000000a952600000,0x000000a952700000)]
  0x000001c156b6c870 JavaThread "File watcher consumer" daemon [_thread_blocked, id=12228, stack(0x000000a952700000,0x000000a952800000)]
  0x000001c156b6e550 JavaThread "jar transforms" [_thread_blocked, id=1456, stack(0x000000a952800000,0x000000a952900000)]
  0x000001c156b6ea20 JavaThread "jar transforms Thread 2" [_thread_blocked, id=7196, stack(0x000000a952900000,0x000000a952a00000)]
  0x000001c156b71f10 JavaThread "jar transforms Thread 3" [_thread_blocked, id=16156, stack(0x000000a952a00000,0x000000a952b00000)]
  0x000001c156b710a0 JavaThread "jar transforms Thread 4" [_thread_blocked, id=17628, stack(0x000000a952b00000,0x000000a952c00000)]
  0x000001c156b6b530 JavaThread "Cache worker for checksums cache (C:\Users\aluno.LABINFO\AndroidStudioProjects\ac1parte22\.gradle\8.0\checksums)" [_thread_blocked, id=9644, stack(0x000000a952d00000,0x000000a952e00000)]
  0x000001c156b6eef0 JavaThread "Cache worker for cache directory md-rule (C:\Users\aluno.LABINFO\.gradle\caches\8.0\md-rule)" [_thread_blocked, id=15096, stack(0x000000a952e00000,0x000000a952f00000)]
  0x000001c156b6bed0 JavaThread "Cache worker for file content cache (C:\Users\aluno.LABINFO\.gradle\caches\8.0\fileContent)" [_thread_blocked, id=9196, stack(0x000000a952f00000,0x000000a953000000)]
  0x000001c156b723e0 JavaThread "Cache worker for file hash cache (C:\Users\aluno.LABINFO\AndroidStudioProjects\ac1parte22\.gradle\8.0\fileHashes)" [_thread_blocked, id=6736, stack(0x000000a953000000,0x000000a953100000)]
  0x000001c156b71a40 JavaThread "Cache worker for cache directory md-supplier (C:\Users\aluno.LABINFO\.gradle\caches\8.0\md-supplier)" [_thread_blocked, id=6484, stack(0x000000a953100000,0x000000a953200000)]
  0x000001c156b6fd60 JavaThread "Cache worker for execution history cache (C:\Users\aluno.LABINFO\.gradle\caches\8.0\executionHistory)" [_thread_blocked, id=17144, stack(0x000000a953200000,0x000000a953300000)]
  0x000001c156b6d6e0 JavaThread "Cache worker for kotlin-dsl (C:\Users\aluno.LABINFO\.gradle\caches\8.0\kotlin-dsl)" [_thread_blocked, id=15292, stack(0x000000a953300000,0x000000a953400000)]
  0x000001c15997e9d0 JavaThread "Cache worker for dependencies-accessors (C:\Users\aluno.LABINFO\AndroidStudioProjects\ac1parte22\.gradle\8.0\dependencies-accessors)" [_thread_blocked, id=9252, stack(0x000000a953700000,0x000000a953800000)]
  0x000001c15997fd10 JavaThread "Cache worker for Build Output Cleanup Cache (C:\Users\aluno.LABINFO\AndroidStudioProjects\ac1parte22\.gradle\buildOutputCleanup)" [_thread_blocked, id=2396, stack(0x000000a953800000,0x000000a953900000)]
  0x000001c1599784c0 JavaThread "Unconstrained build operations" [_thread_blocked, id=12532, stack(0x000000a953900000,0x000000a953a00000)]
  0x000001c15997b9b0 JavaThread "Unconstrained build operations Thread 2" [_thread_blocked, id=3716, stack(0x000000a953a00000,0x000000a953b00000)]
  0x000001c15997ccf0 JavaThread "Unconstrained build operations Thread 3" [_thread_blocked, id=11484, stack(0x000000a953b00000,0x000000a953c00000)]
  0x000001c15997e500 JavaThread "Unconstrained build operations Thread 4" [_thread_blocked, id=6540, stack(0x000000a953c00000,0x000000a953d00000)]
  0x000001c159978e60 JavaThread "Unconstrained build operations Thread 5" [_thread_blocked, id=10688, stack(0x000000a953d00000,0x000000a953e00000)]
  0x000001c15997b010 JavaThread "Unconstrained build operations Thread 6" [_thread_blocked, id=3132, stack(0x000000a953e00000,0x000000a953f00000)]
  0x000001c159978990 JavaThread "Unconstrained build operations Thread 7" [_thread_blocked, id=16064, stack(0x000000a953f00000,0x000000a954000000)]
  0x000001c159979cd0 JavaThread "Unconstrained build operations Thread 8" [_thread_blocked, id=11736, stack(0x000000a954000000,0x000000a954100000)]
  0x000001c15997be80 JavaThread "Unconstrained build operations Thread 9" [_thread_blocked, id=10168, stack(0x000000a954100000,0x000000a954200000)]
  0x000001c15997c350 JavaThread "Unconstrained build operations Thread 10" [_thread_blocked, id=17820, stack(0x000000a954200000,0x000000a954300000)]
  0x000001c15997e030 JavaThread "Unconstrained build operations Thread 11" [_thread_blocked, id=17204, stack(0x000000a954300000,0x000000a954400000)]
  0x000001c156b6b060 JavaThread "Unconstrained build operations Thread 12" [_thread_blocked, id=7436, stack(0x000000a954400000,0x000000a954500000)]
  0x000001c156b6dbb0 JavaThread "Unconstrained build operations Thread 13" [_thread_blocked, id=15272, stack(0x000000a954500000,0x000000a954600000)]
  0x000001c159cadb50 JavaThread "Unconstrained build operations Thread 14" [_thread_blocked, id=15012, stack(0x000000a954600000,0x000000a954700000)]
  0x000001c159cb06a0 JavaThread "Unconstrained build operations Thread 15" [_thread_blocked, id=15324, stack(0x000000a954700000,0x000000a954800000)]
  0x000001c159cae4f0 JavaThread "Unconstrained build operations Thread 16" [_thread_blocked, id=4968, stack(0x000000a954800000,0x000000a954900000)]
  0x000001c159cb0b70 JavaThread "Unconstrained build operations Thread 17" [_thread_blocked, id=3968, stack(0x000000a954900000,0x000000a954a00000)]
  0x000001c159cb01d0 JavaThread "Unconstrained build operations Thread 18" [_thread_blocked, id=13412, stack(0x000000a954a00000,0x000000a954b00000)]
  0x000001c159cac340 JavaThread "Unconstrained build operations Thread 19" [_thread_blocked, id=12208, stack(0x000000a954b00000,0x000000a954c00000)]
  0x000001c159cabe70 JavaThread "Unconstrained build operations Thread 20" [_thread_blocked, id=15572, stack(0x000000a954c00000,0x000000a954d00000)]
  0x000001c159cab4d0 JavaThread "Unconstrained build operations Thread 21" [_thread_blocked, id=10944, stack(0x000000a954d00000,0x000000a954e00000)]
  0x000001c159cae020 JavaThread "Unconstrained build operations Thread 22" [_thread_blocked, id=16120, stack(0x000000a954e00000,0x000000a954f00000)]
  0x000001c159cb19e0 JavaThread "Unconstrained build operations Thread 23" [_thread_blocked, id=16812, stack(0x000000a954f00000,0x000000a955000000)]
  0x000001c159caf360 JavaThread "Unconstrained build operations Thread 24" [_thread_blocked, id=3232, stack(0x000000a955000000,0x000000a955100000)]
  0x000001c159cad1b0 JavaThread "Unconstrained build operations Thread 25" [_thread_blocked, id=13956, stack(0x000000a955100000,0x000000a955200000)]
  0x000001c159cab9a0 JavaThread "Unconstrained build operations Thread 26" [_thread_blocked, id=5836, stack(0x000000a955200000,0x000000a955300000)]
  0x000001c159cb1eb0 JavaThread "Unconstrained build operations Thread 27" [_thread_blocked, id=16204, stack(0x000000a955300000,0x000000a955400000)]
  0x000001c159cb1040 JavaThread "Unconstrained build operations Thread 28" [_thread_blocked, id=13696, stack(0x000000a955400000,0x000000a955500000)]
  0x000001c159cae9c0 JavaThread "Unconstrained build operations Thread 29" [_thread_blocked, id=5056, stack(0x000000a955500000,0x000000a955600000)]
  0x000001c159cb1510 JavaThread "Unconstrained build operations Thread 30" [_thread_blocked, id=1672, stack(0x000000a955600000,0x000000a955700000)]
  0x000001c159caee90 JavaThread "Unconstrained build operations Thread 31" [_thread_blocked, id=13772, stack(0x000000a955700000,0x000000a955800000)]
  0x000001c159cb2380 JavaThread "Unconstrained build operations Thread 32" [_thread_blocked, id=16672, stack(0x000000a955800000,0x000000a955900000)]
  0x000001c159cad680 JavaThread "Unconstrained build operations Thread 33" [_thread_blocked, id=3952, stack(0x000000a955900000,0x000000a955a00000)]
  0x000001c159caf830 JavaThread "Unconstrained build operations Thread 34" [_thread_blocked, id=9516, stack(0x000000a955a00000,0x000000a955b00000)]
  0x000001c159cb2d20 JavaThread "Unconstrained build operations Thread 35" [_thread_blocked, id=2560, stack(0x000000a955b00000,0x000000a955c00000)]
  0x000001c159cb2850 JavaThread "Unconstrained build operations Thread 36" [_thread_blocked, id=14784, stack(0x000000a955c00000,0x000000a955d00000)]
  0x000001c159cafd00 JavaThread "Unconstrained build operations Thread 37" [_thread_blocked, id=17744, stack(0x000000a955d00000,0x000000a955e00000)]
  0x000001c159cac810 JavaThread "Unconstrained build operations Thread 38" [_thread_blocked, id=15200, stack(0x000000a955e00000,0x000000a955f00000)]
  0x000001c159cacce0 JavaThread "Unconstrained build operations Thread 39" [_thread_blocked, id=16420, stack(0x000000a955f00000,0x000000a956000000)]
  0x000001c1594be550 JavaThread "Unconstrained build operations Thread 40" [_thread_blocked, id=15824, stack(0x000000a956000000,0x000000a956100000)]
  0x000001c1594bbed0 JavaThread "Memory manager" [_thread_blocked, id=13480, stack(0x000000a956100000,0x000000a956200000)]
  0x000001c1594bf3c0 JavaThread "Kotlin DSL Writer" [_thread_blocked, id=17044, stack(0x000000a956200000,0x000000a956300000)]
  0x000001c161429c50 JavaThread "C2 CompilerThread1" daemon [_thread_blocked, id=13760, stack(0x000000a952500000,0x000000a952600000)]

Other Threads:
=>0x000001c152f15650 VMThread "VM Thread" [stack: 0x000000a950800000,0x000000a950900000] [id=15840]
  0x000001c1539d0dd0 WatcherThread [stack: 0x000000a951400000,0x000000a951500000] [id=15472]
  0x000001c1399a9f10 GCTaskThread "GC Thread#0" [stack: 0x000000a950300000,0x000000a950400000] [id=11524]
  0x000001c153e23040 GCTaskThread "GC Thread#1" [stack: 0x000000a951600000,0x000000a951700000] [id=13520]
  0x000001c154095ae0 GCTaskThread "GC Thread#2" [stack: 0x000000a951700000,0x000000a951800000] [id=996]
  0x000001c154603950 GCTaskThread "GC Thread#3" [stack: 0x000000a951500000,0x000000a951600000] [id=13308]
  0x000001c1399bad60 ConcurrentGCThread "G1 Main Marker" [stack: 0x000000a950400000,0x000000a950500000] [id=11604]
  0x000001c1399bce30 ConcurrentGCThread "G1 Conc#0" [stack: 0x000000a950500000,0x000000a950600000] [id=13844]
  0x000001c152d640c0 ConcurrentGCThread "G1 Refine#0" [stack: 0x000000a950600000,0x000000a950700000] [id=11832]
  0x000001c1578949e0 ConcurrentGCThread "G1 Refine#1" [stack: 0x000000a952c00000,0x000000a952d00000] [id=13292]
  0x000001c157893b80 ConcurrentGCThread "G1 Refine#2" [stack: 0x000000a953400000,0x000000a953500000] [id=18240]
  0x000001c152d64790 ConcurrentGCThread "G1 Service" [stack: 0x000000a950700000,0x000000a950800000] [id=10676]

Threads with active compile tasks:
C2 CompilerThread0    49515 12496       4       org.gradle.cache.internal.btree.CachingBlockStore::read (56 bytes)
C2 CompilerThread1    49516 12502       4       org.gradle.cache.internal.btree.FreeListBlockStore::read (12 bytes)

VM state: at safepoint (normal execution)

VM Mutex/Monitor currently owned by a thread:  ([mutex/lock_event])
[0x000001c13994bd30] Threads_lock - owner thread: 0x000001c152f15650
[0x000001c13994a8f0] Heap_lock - owner thread: 0x000001c156f79c90

Heap address: 0x0000000080000000, size: 2048 MB, Compressed Oops mode: 32-bit

CDS archive(s) not mapped
Compressed class space mapped at: 0x0000000100000000-0x0000000140000000, reserved size: 1073741824
Narrow klass base: 0x0000000000000000, Narrow klass shift: 3, Narrow klass range: 0x140000000

GC Precious Log:
 CPUs: 4 total, 4 available
 Memory: 8030M
 Large Page Support: Disabled
 NUMA Support: Disabled
 Compressed Oops: Enabled (32-bit)
 Heap Region Size: 1M
 Heap Min Capacity: 8M
 Heap Initial Capacity: 126M
 Heap Max Capacity: 2G
 Pre-touch: Disabled
 Parallel Workers: 4
 Concurrent Workers: 1
 Concurrent Refinement Workers: 4
 Periodic GC: Disabled

Heap:
 garbage-first heap   total 237568K, used 131104K [0x0000000080000000, 0x0000000100000000)
  region size 1024K, 2 young (2048K), 2 survivors (2048K)
 Metaspace       used 133146K, committed 133888K, reserved 1171456K
  class space    used 17111K, committed 17408K, reserved 1048576K

Heap Regions: E=young(eden), S=young(survivor), O=old, HS=humongous(starts), HC=humongous(continues), CS=collection set, F=free, OA=open archive, CA=closed archive, TAMS=top-at-mark-start (previous, next)
|   0|0x0000000080000000, 0x0000000080100000, 0x0000000080100000|100%| O|  |TAMS 0x0000000080100000, 0x0000000080100000| Untracked 
|   1|0x0000000080100000, 0x0000000080200000, 0x0000000080200000|100%| O|  |TAMS 0x0000000080200000, 0x0000000080200000| Untracked 
|   2|0x0000000080200000, 0x0000000080300000, 0x0000000080300000|100%|HS|  |TAMS 0x0000000080300000, 0x0000000080300000| Complete 
|   3|0x0000000080300000, 0x0000000080400000, 0x0000000080400000|100%|HC|  |TAMS 0x0000000080400000, 0x0000000080400000| Complete 
|   4|0x0000000080400000, 0x0000000080500000, 0x0000000080500000|100%|HC|  |TAMS 0x0000000080500000, 0x0000000080500000| Complete 
|   5|0x0000000080500000, 0x0000000080600000, 0x0000000080600000|100%|HC|  |TAMS 0x0000000080600000, 0x0000000080600000| Complete 
|   6|0x0000000080600000, 0x0000000080700000, 0x0000000080700000|100%| O|  |TAMS 0x0000000080700000, 0x0000000080700000| Untracked 
|   7|0x0000000080700000, 0x0000000080800000, 0x0000000080800000|100%| O|  |TAMS 0x0000000080800000, 0x0000000080800000| Untracked 
|   8|0x0000000080800000, 0x0000000080900000, 0x0000000080900000|100%| O|  |TAMS 0x0000000080900000, 0x0000000080900000| Untracked 
|   9|0x0000000080900000, 0x0000000080a00000, 0x0000000080a00000|100%| O|  |TAMS 0x0000000080a00000, 0x0000000080a00000| Untracked 
|  10|0x0000000080a00000, 0x0000000080b00000, 0x0000000080b00000|100%| O|  |TAMS 0x0000000080b00000, 0x0000000080b00000| Untracked 
|  11|0x0000000080b00000, 0x0000000080c00000, 0x0000000080c00000|100%| O|  |TAMS 0x0000000080c00000, 0x0000000080c00000| Untracked 
|  12|0x0000000080c00000, 0x0000000080d00000, 0x0000000080d00000|100%| O|  |TAMS 0x0000000080d00000, 0x0000000080d00000| Untracked 
|  13|0x0000000080d00000, 0x0000000080e00000, 0x0000000080e00000|100%| O|  |TAMS 0x0000000080e00000, 0x0000000080e00000| Untracked 
|  14|0x0000000080e00000, 0x0000000080f00000, 0x0000000080f00000|100%| O|  |TAMS 0x0000000080f00000, 0x0000000080f00000| Untracked 
|  15|0x0000000080f00000, 0x0000000081000000, 0x0000000081000000|100%| O|  |TAMS 0x0000000081000000, 0x0000000081000000| Untracked 
|  16|0x0000000081000000, 0x0000000081100000, 0x0000000081100000|100%| O|  |TAMS 0x0000000081100000, 0x0000000081100000| Untracked 
|  17|0x0000000081100000, 0x0000000081200000, 0x0000000081200000|100%| O|  |TAMS 0x0000000081200000, 0x0000000081200000| Untracked 
|  18|0x0000000081200000, 0x0000000081300000, 0x0000000081300000|100%| O|  |TAMS 0x0000000081300000, 0x0000000081300000| Untracked 
|  19|0x0000000081300000, 0x0000000081400000, 0x0000000081400000|100%|HS|  |TAMS 0x0000000081400000, 0x0000000081400000| Complete 
|  20|0x0000000081400000, 0x0000000081500000, 0x0000000081500000|100%|HC|  |TAMS 0x0000000081500000, 0x0000000081500000| Complete 
|  21|0x0000000081500000, 0x0000000081600000, 0x0000000081600000|100%|HS|  |TAMS 0x0000000081600000, 0x0000000081600000| Complete 
|  22|0x0000000081600000, 0x0000000081700000, 0x0000000081700000|100%|HC|  |TAMS 0x0000000081700000, 0x0000000081700000| Complete 
|  23|0x0000000081700000, 0x0000000081800000, 0x0000000081800000|100%|HC|  |TAMS 0x0000000081800000, 0x0000000081800000| Complete 
|  24|0x0000000081800000, 0x0000000081900000, 0x0000000081900000|100%| O|  |TAMS 0x0000000081900000, 0x0000000081900000| Untracked 
|  25|0x0000000081900000, 0x0000000081a00000, 0x0000000081a00000|100%| O|  |TAMS 0x0000000081a00000, 0x0000000081a00000| Untracked 
|  26|0x0000000081a00000, 0x0000000081b00000, 0x0000000081b00000|100%| O|  |TAMS 0x0000000081b00000, 0x0000000081b00000| Untracked 
|  27|0x0000000081b00000, 0x0000000081c00000, 0x0000000081c00000|100%|HS|  |TAMS 0x0000000081c00000, 0x0000000081c00000| Complete 
|  28|0x0000000081c00000, 0x0000000081d00000, 0x0000000081d00000|100%|HC|  |TAMS 0x0000000081d00000, 0x0000000081d00000| Complete 
|  29|0x0000000081d00000, 0x0000000081e00000, 0x0000000081e00000|100%|HC|  |TAMS 0x0000000081e00000, 0x0000000081e00000| Complete 
|  30|0x0000000081e00000, 0x0000000081f00000, 0x0000000081f00000|100%| O|  |TAMS 0x0000000081f00000, 0x0000000081f00000| Untracked 
|  31|0x0000000081f00000, 0x0000000082000000, 0x0000000082000000|100%| O|  |TAMS 0x0000000082000000, 0x0000000082000000| Untracked 
|  32|0x0000000082000000, 0x00000000820ffff8, 0x0000000082100000| 99%| O|  |TAMS 0x00000000820ffff8, 0x00000000820ffff8| Untracked 
|  33|0x0000000082100000, 0x0000000082200000, 0x0000000082200000|100%|HS|  |TAMS 0x0000000082200000, 0x0000000082200000| Complete 
|  34|0x0000000082200000, 0x0000000082300000, 0x0000000082300000|100%|HC|  |TAMS 0x0000000082300000, 0x0000000082300000| Complete 
|  35|0x0000000082300000, 0x0000000082400000, 0x0000000082400000|100%| O|  |TAMS 0x0000000082400000, 0x0000000082400000| Untracked 
|  36|0x0000000082400000, 0x0000000082500000, 0x0000000082500000|100%| O|  |TAMS 0x0000000082500000, 0x0000000082500000| Untracked 
|  37|0x0000000082500000, 0x0000000082600000, 0x0000000082600000|100%| O|  |TAMS 0x0000000082600000, 0x0000000082600000| Untracked 
|  38|0x0000000082600000, 0x0000000082700000, 0x0000000082700000|100%| O|  |TAMS 0x0000000082700000, 0x0000000082700000| Untracked 
|  39|0x0000000082700000, 0x0000000082800000, 0x0000000082800000|100%| O|  |TAMS 0x0000000082800000, 0x0000000082800000| Untracked 
|  40|0x0000000082800000, 0x0000000082900000, 0x0000000082900000|100%| O|  |TAMS 0x0000000082900000, 0x0000000082900000| Untracked 
|  41|0x0000000082900000, 0x0000000082a00000, 0x0000000082a00000|100%|HS|  |TAMS 0x0000000082a00000, 0x0000000082a00000| Complete 
|  42|0x0000000082a00000, 0x0000000082b00000, 0x0000000082b00000|100%|HC|  |TAMS 0x0000000082b00000, 0x0000000082b00000| Complete 
|  43|0x0000000082b00000, 0x0000000082c00000, 0x0000000082c00000|100%|HC|  |TAMS 0x0000000082c00000, 0x0000000082c00000| Complete 
|  44|0x0000000082c00000, 0x0000000082d00000, 0x0000000082d00000|100%| O|  |TAMS 0x0000000082d00000, 0x0000000082d00000| Untracked 
|  45|0x0000000082d00000, 0x0000000082e00000, 0x0000000082e00000|100%|HS|  |TAMS 0x0000000082e00000, 0x0000000082e00000| Complete 
|  46|0x0000000082e00000, 0x0000000082f00000, 0x0000000082f00000|100%|HC|  |TAMS 0x0000000082f00000, 0x0000000082f00000| Complete 
|  47|0x0000000082f00000, 0x0000000083000000, 0x0000000083000000|100%|HC|  |TAMS 0x0000000083000000, 0x0000000083000000| Complete 
|  48|0x0000000083000000, 0x0000000083100000, 0x0000000083100000|100%|HC|  |TAMS 0x0000000083100000, 0x0000000083100000| Complete 
|  49|0x0000000083100000, 0x0000000083200000, 0x0000000083200000|100%|HC|  |TAMS 0x0000000083200000, 0x0000000083200000| Complete 
|  50|0x0000000083200000, 0x0000000083300000, 0x0000000083300000|100%|HC|  |TAMS 0x0000000083300000, 0x0000000083300000| Complete 
|  51|0x0000000083300000, 0x0000000083400000, 0x0000000083400000|100%|HC|  |TAMS 0x0000000083400000, 0x0000000083400000| Complete 
|  52|0x0000000083400000, 0x0000000083500000, 0x0000000083500000|100%|HC|  |TAMS 0x0000000083500000, 0x0000000083500000| Complete 
|  53|0x0000000083500000, 0x0000000083600000, 0x0000000083600000|100%|HC|  |TAMS 0x0000000083600000, 0x0000000083600000| Complete 
|  54|0x0000000083600000, 0x0000000083700000, 0x0000000083700000|100%|HC|  |TAMS 0x0000000083700000, 0x0000000083700000| Complete 
|  55|0x0000000083700000, 0x0000000083800000, 0x0000000083800000|100%|HC|  |TAMS 0x0000000083800000, 0x0000000083800000| Complete 
|  56|0x0000000083800000, 0x0000000083900000, 0x0000000083900000|100%|HC|  |TAMS 0x0000000083900000, 0x0000000083900000| Complete 
|  57|0x0000000083900000, 0x0000000083a00000, 0x0000000083a00000|100%| O|  |TAMS 0x0000000083900000, 0x0000000083a00000| Untracked 
|  58|0x0000000083a00000, 0x0000000083b00000, 0x0000000083b00000|100%|HS|  |TAMS 0x0000000083b00000, 0x0000000083b00000| Complete 
|  59|0x0000000083b00000, 0x0000000083c00000, 0x0000000083c00000|100%|HC|  |TAMS 0x0000000083c00000, 0x0000000083c00000| Complete 
|  60|0x0000000083c00000, 0x0000000083d00000, 0x0000000083d00000|100%|HC|  |TAMS 0x0000000083d00000, 0x0000000083d00000| Complete 
|  61|0x0000000083d00000, 0x0000000083e00000, 0x0000000083e00000|100%| O|  |TAMS 0x0000000083e00000, 0x0000000083e00000| Untracked 
|  62|0x0000000083e00000, 0x0000000083f00000, 0x0000000083f00000|100%| O|  |TAMS 0x0000000083f00000, 0x0000000083f00000| Untracked 
|  63|0x0000000083f00000, 0x0000000084000000, 0x0000000084000000|100%| O|  |TAMS 0x0000000084000000, 0x0000000084000000| Untracked 
|  64|0x0000000084000000, 0x0000000084100000, 0x0000000084100000|100%| O|  |TAMS 0x0000000084100000, 0x0000000084100000| Untracked 
|  65|0x0000000084100000, 0x0000000084200000, 0x0000000084200000|100%| O|  |TAMS 0x0000000084200000, 0x0000000084200000| Untracked 
|  66|0x0000000084200000, 0x0000000084300000, 0x0000000084300000|100%| O|  |TAMS 0x0000000084300000, 0x0000000084300000| Untracked 
|  67|0x0000000084300000, 0x0000000084400000, 0x0000000084400000|100%| O|  |TAMS 0x0000000084400000, 0x0000000084400000| Untracked 
|  68|0x0000000084400000, 0x0000000084500000, 0x0000000084500000|100%| O|  |TAMS 0x0000000084500000, 0x0000000084500000| Untracked 
|  69|0x0000000084500000, 0x0000000084600000, 0x0000000084600000|100%| O|  |TAMS 0x0000000084600000, 0x0000000084600000| Untracked 
|  70|0x0000000084600000, 0x0000000084700000, 0x0000000084700000|100%|HS|  |TAMS 0x0000000084700000, 0x0000000084700000| Complete 
|  71|0x0000000084700000, 0x0000000084800000, 0x0000000084800000|100%|HC|  |TAMS 0x0000000084800000, 0x0000000084800000| Complete 
|  72|0x0000000084800000, 0x0000000084900000, 0x0000000084900000|100%|HC|  |TAMS 0x0000000084900000, 0x0000000084900000| Complete 
|  73|0x0000000084900000, 0x0000000084a00000, 0x0000000084a00000|100%|HC|  |TAMS 0x0000000084a00000, 0x0000000084a00000| Complete 
|  74|0x0000000084a00000, 0x0000000084b00000, 0x0000000084b00000|100%| O|  |TAMS 0x0000000084b00000, 0x0000000084b00000| Untracked 
|  75|0x0000000084b00000, 0x0000000084c00000, 0x0000000084c00000|100%| O|  |TAMS 0x0000000084c00000, 0x0000000084c00000| Untracked 
|  76|0x0000000084c00000, 0x0000000084d00000, 0x0000000084d00000|100%| O|  |TAMS 0x0000000084d00000, 0x0000000084d00000| Untracked 
|  77|0x0000000084d00000, 0x0000000084e00000, 0x0000000084e00000|100%| O|  |TAMS 0x0000000084e00000, 0x0000000084e00000| Untracked 
|  78|0x0000000084e00000, 0x0000000084f00000, 0x0000000084f00000|100%| O|  |TAMS 0x0000000084f00000, 0x0000000084f00000| Untracked 
|  79|0x0000000084f00000, 0x0000000085000000, 0x0000000085000000|100%| O|  |TAMS 0x0000000085000000, 0x0000000085000000| Untracked 
|  80|0x0000000085000000, 0x0000000085100000, 0x0000000085100000|100%| O|  |TAMS 0x0000000085100000, 0x0000000085100000| Untracked 
|  81|0x0000000085100000, 0x0000000085200000, 0x0000000085200000|100%| O|  |TAMS 0x0000000085200000, 0x0000000085200000| Untracked 
|  82|0x0000000085200000, 0x0000000085300000, 0x0000000085300000|100%| O|  |TAMS 0x0000000085300000, 0x0000000085300000| Untracked 
|  83|0x0000000085300000, 0x0000000085400000, 0x0000000085400000|100%| O|  |TAMS 0x0000000085400000, 0x0000000085400000| Untracked 
|  84|0x0000000085400000, 0x0000000085500000, 0x0000000085500000|100%| O|  |TAMS 0x0000000085500000, 0x0000000085500000| Untracked 
|  85|0x0000000085500000, 0x0000000085600000, 0x0000000085600000|100%| O|  |TAMS 0x0000000085600000, 0x0000000085600000| Untracked 
|  86|0x0000000085600000, 0x0000000085700000, 0x0000000085700000|100%|HS|  |TAMS 0x0000000085700000, 0x0000000085700000| Complete 
|  87|0x0000000085700000, 0x0000000085800000, 0x0000000085800000|100%|HC|  |TAMS 0x0000000085800000, 0x0000000085800000| Complete 
|  88|0x0000000085800000, 0x0000000085900000, 0x0000000085900000|100%|HC|  |TAMS 0x0000000085900000, 0x0000000085900000| Complete 
|  89|0x0000000085900000, 0x0000000085a00000, 0x0000000085a00000|100%|HC|  |TAMS 0x0000000085a00000, 0x0000000085a00000| Complete 
|  90|0x0000000085a00000, 0x0000000085b00000, 0x0000000085b00000|100%|HC|  |TAMS 0x0000000085b00000, 0x0000000085b00000| Complete 
|  91|0x0000000085b00000, 0x0000000085c00000, 0x0000000085c00000|100%|HC|  |TAMS 0x0000000085c00000, 0x0000000085c00000| Complete 
|  92|0x0000000085c00000, 0x0000000085d00000, 0x0000000085d00000|100%| O|  |TAMS 0x0000000085d00000, 0x0000000085d00000| Untracked 
|  93|0x0000000085d00000, 0x0000000085e00000, 0x0000000085e00000|100%| O|  |TAMS 0x0000000085e00000, 0x0000000085e00000| Untracked 
|  94|0x0000000085e00000, 0x0000000085f00000, 0x0000000085f00000|100%| O|  |TAMS 0x0000000085f00000, 0x0000000085f00000| Untracked 
|  95|0x0000000085f00000, 0x0000000086000000, 0x0000000086000000|100%| O|  |TAMS 0x0000000086000000, 0x0000000086000000| Untracked 
|  96|0x0000000086000000, 0x0000000086100000, 0x0000000086100000|100%| O|  |TAMS 0x0000000086100000, 0x0000000086100000| Untracked 
|  97|0x0000000086100000, 0x0000000086200000, 0x0000000086200000|100%| O|  |TAMS 0x0000000086200000, 0x0000000086200000| Untracked 
|  98|0x0000000086200000, 0x0000000086300000, 0x0000000086300000|100%| O|  |TAMS 0x0000000086300000, 0x0000000086300000| Untracked 
|  99|0x0000000086300000, 0x0000000086400000, 0x0000000086400000|100%| O|  |TAMS 0x0000000086400000, 0x0000000086400000| Untracked 
| 100|0x0000000086400000, 0x0000000086400000, 0x0000000086500000|  0%| F|  |TAMS 0x0000000086400000, 0x0000000086400000| Untracked 
| 101|0x0000000086500000, 0x0000000086500000, 0x0000000086600000|  0%| F|  |TAMS 0x0000000086500000, 0x0000000086500000| Untracked 
| 102|0x0000000086600000, 0x0000000086700000, 0x0000000086700000|100%| O|  |TAMS 0x0000000086700000, 0x0000000086700000| Untracked 
| 103|0x0000000086700000, 0x0000000086700000, 0x0000000086800000|  0%| F|  |TAMS 0x0000000086700000, 0x0000000086700000| Untracked 
| 104|0x0000000086800000, 0x0000000086900000, 0x0000000086900000|100%| O|  |TAMS 0x0000000086900000, 0x0000000086900000| Untracked 
| 105|0x0000000086900000, 0x0000000086a00000, 0x0000000086a00000|100%| O|  |TAMS 0x0000000086a00000, 0x0000000086a00000| Untracked 
| 106|0x0000000086a00000, 0x0000000086b00000, 0x0000000086b00000|100%| O|  |TAMS 0x0000000086b00000, 0x0000000086b00000| Untracked 
| 107|0x0000000086b00000, 0x0000000086c00000, 0x0000000086c00000|100%| O|  |TAMS 0x0000000086c00000, 0x0000000086c00000| Untracked 
| 108|0x0000000086c00000, 0x0000000086d00000, 0x0000000086d00000|100%| O|  |TAMS 0x0000000086d00000, 0x0000000086d00000| Untracked 
| 109|0x0000000086d00000, 0x0000000086e00000, 0x0000000086e00000|100%| O|  |TAMS 0x0000000086e00000, 0x0000000086e00000| Untracked 
| 110|0x0000000086e00000, 0x0000000086f00000, 0x0000000086f00000|100%|HS|  |TAMS 0x0000000086f00000, 0x0000000086f00000| Complete 
| 111|0x0000000086f00000, 0x0000000087000000, 0x0000000087000000|100%|HS|  |TAMS 0x0000000087000000, 0x0000000087000000| Complete 
| 112|0x0000000087000000, 0x0000000087100000, 0x0000000087100000|100%|HS|  |TAMS 0x0000000087100000, 0x0000000087100000| Complete 
| 113|0x0000000087100000, 0x0000000087200000, 0x0000000087200000|100%| O|  |TAMS 0x0000000087200000, 0x0000000087200000| Untracked 
| 114|0x0000000087200000, 0x0000000087300000, 0x0000000087300000|100%| O|  |TAMS 0x0000000087300000, 0x0000000087300000| Untracked 
| 115|0x0000000087300000, 0x0000000087400000, 0x0000000087400000|100%| O|  |TAMS 0x0000000087400000, 0x0000000087400000| Untracked 
| 116|0x0000000087400000, 0x0000000087500000, 0x0000000087500000|100%| O|  |TAMS 0x0000000087500000, 0x0000000087500000| Untracked 
| 117|0x0000000087500000, 0x0000000087600000, 0x0000000087600000|100%| O|  |TAMS 0x0000000087600000, 0x0000000087600000| Untracked 
| 118|0x0000000087600000, 0x0000000087700000, 0x0000000087700000|100%| O|  |TAMS 0x0000000087700000, 0x0000000087700000| Untracked 
| 119|0x0000000087700000, 0x0000000087800000, 0x0000000087800000|100%| O|  |TAMS 0x0000000087800000, 0x0000000087800000| Untracked 
| 120|0x0000000087800000, 0x0000000087900000, 0x0000000087900000|100%| O|  |TAMS 0x0000000087900000, 0x0000000087900000| Untracked 
| 121|0x0000000087900000, 0x0000000087a00000, 0x0000000087a00000|100%| O|  |TAMS 0x0000000087a00000, 0x0000000087a00000| Untracked 
| 122|0x0000000087a00000, 0x0000000087b00000, 0x0000000087b00000|100%| O|  |TAMS 0x0000000087b00000, 0x0000000087b00000| Untracked 
| 123|0x0000000087b00000, 0x0000000087c00000, 0x0000000087c00000|100%| O|  |TAMS 0x0000000087c00000, 0x0000000087c00000| Untracked 
| 124|0x0000000087c00000, 0x0000000087d00000, 0x0000000087d00000|100%| O|  |TAMS 0x0000000087c14a00, 0x0000000087d00000| Untracked 
| 125|0x0000000087d00000, 0x0000000087e00000, 0x0000000087e00000|100%| O|  |TAMS 0x0000000087d00000, 0x0000000087e00000| Untracked 
| 126|0x0000000087e00000, 0x0000000087f00000, 0x0000000087f00000|100%| O|  |TAMS 0x0000000087e00000, 0x0000000087f00000| Untracked 
| 127|0x0000000087f00000, 0x0000000088000000, 0x0000000088000000|100%| O|  |TAMS 0x0000000087f00000, 0x0000000088000000| Untracked 
| 128|0x0000000088000000, 0x0000000088100000, 0x0000000088100000|100%| O|  |TAMS 0x0000000088000000, 0x0000000088100000| Untracked 
| 129|0x0000000088100000, 0x00000000881a2800, 0x0000000088200000| 63%| O|  |TAMS 0x0000000088100000, 0x00000000881a2800| Untracked 
| 130|0x0000000088200000, 0x0000000088200000, 0x0000000088300000|  0%| F|  |TAMS 0x0000000088200000, 0x0000000088200000| Untracked 
| 131|0x0000000088300000, 0x0000000088300000, 0x0000000088400000|  0%| F|  |TAMS 0x0000000088300000, 0x0000000088300000| Untracked 
| 132|0x0000000088400000, 0x0000000088400000, 0x0000000088500000|  0%| F|  |TAMS 0x0000000088400000, 0x0000000088400000| Untracked 
| 133|0x0000000088500000, 0x0000000088500000, 0x0000000088600000|  0%| F|  |TAMS 0x0000000088500000, 0x0000000088500000| Untracked 
| 134|0x0000000088600000, 0x0000000088600000, 0x0000000088700000|  0%| F|  |TAMS 0x0000000088600000, 0x0000000088600000| Untracked 
| 135|0x0000000088700000, 0x0000000088700000, 0x0000000088800000|  0%| F|  |TAMS 0x0000000088700000, 0x0000000088700000| Untracked 
| 136|0x0000000088800000, 0x0000000088800000, 0x0000000088900000|  0%| F|  |TAMS 0x0000000088800000, 0x0000000088800000| Untracked 
| 137|0x0000000088900000, 0x0000000088900000, 0x0000000088a00000|  0%| F|  |TAMS 0x0000000088900000, 0x0000000088900000| Untracked 
| 138|0x0000000088a00000, 0x0000000088a00000, 0x0000000088b00000|  0%| F|  |TAMS 0x0000000088a00000, 0x0000000088a00000| Untracked 
| 139|0x0000000088b00000, 0x0000000088b00000, 0x0000000088c00000|  0%| F|  |TAMS 0x0000000088b00000, 0x0000000088b00000| Untracked 
| 140|0x0000000088c00000, 0x0000000088c00000, 0x0000000088d00000|  0%| F|  |TAMS 0x0000000088c00000, 0x0000000088c00000| Untracked 
| 141|0x0000000088d00000, 0x0000000088d00000, 0x0000000088e00000|  0%| F|  |TAMS 0x0000000088d00000, 0x0000000088d00000| Untracked 
| 142|0x0000000088e00000, 0x0000000088e00000, 0x0000000088f00000|  0%| F|  |TAMS 0x0000000088e00000, 0x0000000088e00000| Untracked 
| 143|0x0000000088f00000, 0x0000000088f00000, 0x0000000089000000|  0%| F|  |TAMS 0x0000000088f00000, 0x0000000088f00000| Untracked 
| 144|0x0000000089000000, 0x0000000089000000, 0x0000000089100000|  0%| F|  |TAMS 0x0000000089000000, 0x0000000089000000| Untracked 
| 145|0x0000000089100000, 0x0000000089100000, 0x0000000089200000|  0%| F|  |TAMS 0x0000000089100000, 0x0000000089100000| Untracked 
| 146|0x0000000089200000, 0x0000000089200000, 0x0000000089300000|  0%| F|  |TAMS 0x0000000089200000, 0x0000000089200000| Untracked 
| 147|0x0000000089300000, 0x0000000089300000, 0x0000000089400000|  0%| F|  |TAMS 0x0000000089300000, 0x0000000089300000| Untracked 
| 148|0x0000000089400000, 0x0000000089400000, 0x0000000089500000|  0%| F|  |TAMS 0x0000000089400000, 0x0000000089400000| Untracked 
| 149|0x0000000089500000, 0x0000000089500000, 0x0000000089600000|  0%| F|  |TAMS 0x0000000089500000, 0x0000000089500000| Untracked 
| 150|0x0000000089600000, 0x0000000089600000, 0x0000000089700000|  0%| F|  |TAMS 0x0000000089600000, 0x0000000089600000| Untracked 
| 151|0x0000000089700000, 0x0000000089700000, 0x0000000089800000|  0%| F|  |TAMS 0x0000000089700000, 0x0000000089700000| Untracked 
| 152|0x0000000089800000, 0x0000000089800000, 0x0000000089900000|  0%| F|  |TAMS 0x0000000089800000, 0x0000000089800000| Untracked 
| 153|0x0000000089900000, 0x0000000089900000, 0x0000000089a00000|  0%| F|  |TAMS 0x0000000089900000, 0x0000000089900000| Untracked 
| 154|0x0000000089a00000, 0x0000000089a00000, 0x0000000089b00000|  0%| F|  |TAMS 0x0000000089a00000, 0x0000000089a00000| Untracked 
| 155|0x0000000089b00000, 0x0000000089b00000, 0x0000000089c00000|  0%| F|  |TAMS 0x0000000089b00000, 0x0000000089b00000| Untracked 
| 156|0x0000000089c00000, 0x0000000089c00000, 0x0000000089d00000|  0%| F|  |TAMS 0x0000000089c00000, 0x0000000089c00000| Untracked 
| 157|0x0000000089d00000, 0x0000000089d00000, 0x0000000089e00000|  0%| F|  |TAMS 0x0000000089d00000, 0x0000000089d00000| Untracked 
| 158|0x0000000089e00000, 0x0000000089e00000, 0x0000000089f00000|  0%| F|  |TAMS 0x0000000089e00000, 0x0000000089e00000| Untracked 
| 159|0x0000000089f00000, 0x0000000089f00000, 0x000000008a000000|  0%| F|  |TAMS 0x0000000089f00000, 0x0000000089f00000| Untracked 
| 160|0x000000008a000000, 0x000000008a000000, 0x000000008a100000|  0%| F|  |TAMS 0x000000008a000000, 0x000000008a000000| Untracked 
| 161|0x000000008a100000, 0x000000008a100000, 0x000000008a200000|  0%| F|  |TAMS 0x000000008a100000, 0x000000008a100000| Untracked 
| 162|0x000000008a200000, 0x000000008a200000, 0x000000008a300000|  0%| F|  |TAMS 0x000000008a200000, 0x000000008a200000| Untracked 
| 163|0x000000008a300000, 0x000000008a300000, 0x000000008a400000|  0%| F|  |TAMS 0x000000008a300000, 0x000000008a300000| Untracked 
| 164|0x000000008a400000, 0x000000008a400000, 0x000000008a500000|  0%| F|  |TAMS 0x000000008a400000, 0x000000008a400000| Untracked 
| 165|0x000000008a500000, 0x000000008a500000, 0x000000008a600000|  0%| F|  |TAMS 0x000000008a500000, 0x000000008a500000| Untracked 
| 166|0x000000008a600000, 0x000000008a665a30, 0x000000008a700000| 39%| S|CS|TAMS 0x000000008a600000, 0x000000008a600000| Complete 
| 167|0x000000008a700000, 0x000000008a800000, 0x000000008a800000|100%| S|CS|TAMS 0x000000008a700000, 0x000000008a700000| Complete 
| 168|0x000000008a800000, 0x000000008a800000, 0x000000008a900000|  0%| F|  |TAMS 0x000000008a800000, 0x000000008a800000| Untracked 
| 169|0x000000008a900000, 0x000000008a900000, 0x000000008aa00000|  0%| F|  |TAMS 0x000000008a900000, 0x000000008a900000| Untracked 
| 170|0x000000008aa00000, 0x000000008aa00000, 0x000000008ab00000|  0%| F|  |TAMS 0x000000008aa00000, 0x000000008aa00000| Untracked 
| 171|0x000000008ab00000, 0x000000008ab00000, 0x000000008ac00000|  0%| F|  |TAMS 0x000000008ab00000, 0x000000008ab00000| Untracked 
| 172|0x000000008ac00000, 0x000000008ac00000, 0x000000008ad00000|  0%| F|  |TAMS 0x000000008ac00000, 0x000000008ac00000| Untracked 
| 173|0x000000008ad00000, 0x000000008ad00000, 0x000000008ae00000|  0%| F|  |TAMS 0x000000008ad00000, 0x000000008ad00000| Untracked 
| 174|0x000000008ae00000, 0x000000008ae00000, 0x000000008af00000|  0%| F|  |TAMS 0x000000008ae00000, 0x000000008ae00000| Untracked 
| 175|0x000000008af00000, 0x000000008af00000, 0x000000008b000000|  0%| F|  |TAMS 0x000000008af00000, 0x000000008af00000| Untracked 
| 176|0x000000008b000000, 0x000000008b000000, 0x000000008b100000|  0%| F|  |TAMS 0x000000008b000000, 0x000000008b000000| Untracked 
| 177|0x000000008b100000, 0x000000008b100000, 0x000000008b200000|  0%| F|  |TAMS 0x000000008b100000, 0x000000008b100000| Untracked 
| 178|0x000000008b200000, 0x000000008b200000, 0x000000008b300000|  0%| F|  |TAMS 0x000000008b200000, 0x000000008b200000| Untracked 
| 179|0x000000008b300000, 0x000000008b300000, 0x000000008b400000|  0%| F|  |TAMS 0x000000008b300000, 0x000000008b300000| Untracked 
| 180|0x000000008b400000, 0x000000008b400000, 0x000000008b500000|  0%| F|  |TAMS 0x000000008b400000, 0x000000008b400000| Untracked 
| 181|0x000000008b500000, 0x000000008b500000, 0x000000008b600000|  0%| F|  |TAMS 0x000000008b500000, 0x000000008b500000| Untracked 
| 182|0x000000008b600000, 0x000000008b600000, 0x000000008b700000|  0%| F|  |TAMS 0x000000008b600000, 0x000000008b600000| Untracked 
| 183|0x000000008b700000, 0x000000008b700000, 0x000000008b800000|  0%| F|  |TAMS 0x000000008b700000, 0x000000008b700000| Untracked 
| 184|0x000000008b800000, 0x000000008b800000, 0x000000008b900000|  0%| F|  |TAMS 0x000000008b800000, 0x000000008b800000| Untracked 
| 185|0x000000008b900000, 0x000000008b900000, 0x000000008ba00000|  0%| F|  |TAMS 0x000000008b900000, 0x000000008b900000| Untracked 
| 186|0x000000008ba00000, 0x000000008ba00000, 0x000000008bb00000|  0%| F|  |TAMS 0x000000008ba00000, 0x000000008ba00000| Untracked 
| 187|0x000000008bb00000, 0x000000008bb00000, 0x000000008bc00000|  0%| F|  |TAMS 0x000000008bb00000, 0x000000008bb00000| Untracked 
| 188|0x000000008bc00000, 0x000000008bc00000, 0x000000008bd00000|  0%| F|  |TAMS 0x000000008bc00000, 0x000000008bc00000| Untracked 
| 189|0x000000008bd00000, 0x000000008bd00000, 0x000000008be00000|  0%| F|  |TAMS 0x000000008bd00000, 0x000000008bd00000| Untracked 
| 190|0x000000008be00000, 0x000000008be00000, 0x000000008bf00000|  0%| F|  |TAMS 0x000000008be00000, 0x000000008be00000| Untracked 
| 191|0x000000008bf00000, 0x000000008bf00000, 0x000000008c000000|  0%| F|  |TAMS 0x000000008bf00000, 0x000000008bf00000| Untracked 
| 192|0x000000008c000000, 0x000000008c000000, 0x000000008c100000|  0%| F|  |TAMS 0x000000008c000000, 0x000000008c000000| Untracked 
| 193|0x000000008c100000, 0x000000008c100000, 0x000000008c200000|  0%| F|  |TAMS 0x000000008c100000, 0x000000008c100000| Untracked 
| 194|0x000000008c200000, 0x000000008c200000, 0x000000008c300000|  0%| F|  |TAMS 0x000000008c200000, 0x000000008c200000| Untracked 
| 195|0x000000008c300000, 0x000000008c300000, 0x000000008c400000|  0%| F|  |TAMS 0x000000008c300000, 0x000000008c300000| Untracked 
| 196|0x000000008c400000, 0x000000008c400000, 0x000000008c500000|  0%| F|  |TAMS 0x000000008c400000, 0x000000008c400000| Untracked 
| 197|0x000000008c500000, 0x000000008c500000, 0x000000008c600000|  0%| F|  |TAMS 0x000000008c500000, 0x000000008c500000| Untracked 
| 198|0x000000008c600000, 0x000000008c600000, 0x000000008c700000|  0%| F|  |TAMS 0x000000008c600000, 0x000000008c600000| Untracked 
| 199|0x000000008c700000, 0x000000008c700000, 0x000000008c800000|  0%| F|  |TAMS 0x000000008c700000, 0x000000008c700000| Untracked 
| 200|0x000000008c800000, 0x000000008c800000, 0x000000008c900000|  0%| F|  |TAMS 0x000000008c800000, 0x000000008c800000| Untracked 
| 201|0x000000008c900000, 0x000000008c900000, 0x000000008ca00000|  0%| F|  |TAMS 0x000000008c900000, 0x000000008c900000| Untracked 
| 202|0x000000008ca00000, 0x000000008ca00000, 0x000000008cb00000|  0%| F|  |TAMS 0x000000008ca00000, 0x000000008ca00000| Untracked 
| 203|0x000000008cb00000, 0x000000008cb00000, 0x000000008cc00000|  0%| F|  |TAMS 0x000000008cb00000, 0x000000008cb00000| Untracked 
| 204|0x000000008cc00000, 0x000000008cc00000, 0x000000008cd00000|  0%| F|  |TAMS 0x000000008cc00000, 0x000000008cc00000| Untracked 
| 205|0x000000008cd00000, 0x000000008cd00000, 0x000000008ce00000|  0%| F|  |TAMS 0x000000008cd00000, 0x000000008cd00000| Untracked 
| 206|0x000000008ce00000, 0x000000008ce00000, 0x000000008cf00000|  0%| F|  |TAMS 0x000000008ce00000, 0x000000008ce00000| Untracked 
| 207|0x000000008cf00000, 0x000000008cf00000, 0x000000008d000000|  0%| F|  |TAMS 0x000000008cf00000, 0x000000008cf00000| Untracked 
| 208|0x000000008d000000, 0x000000008d000000, 0x000000008d100000|  0%| F|  |TAMS 0x000000008d000000, 0x000000008d000000| Untracked 
| 209|0x000000008d100000, 0x000000008d100000, 0x000000008d200000|  0%| F|  |TAMS 0x000000008d100000, 0x000000008d100000| Untracked 
| 210|0x000000008d200000, 0x000000008d200000, 0x000000008d300000|  0%| F|  |TAMS 0x000000008d200000, 0x000000008d200000| Untracked 
| 211|0x000000008d300000, 0x000000008d300000, 0x000000008d400000|  0%| F|  |TAMS 0x000000008d300000, 0x000000008d300000| Untracked 
| 212|0x000000008d400000, 0x000000008d400000, 0x000000008d500000|  0%| F|  |TAMS 0x000000008d400000, 0x000000008d400000| Untracked 
| 213|0x000000008d500000, 0x000000008d500000, 0x000000008d600000|  0%| F|  |TAMS 0x000000008d500000, 0x000000008d500000| Untracked 
| 214|0x000000008d600000, 0x000000008d600000, 0x000000008d700000|  0%| F|  |TAMS 0x000000008d600000, 0x000000008d600000| Untracked 
| 215|0x000000008d700000, 0x000000008d700000, 0x000000008d800000|  0%| F|  |TAMS 0x000000008d700000, 0x000000008d700000| Untracked 
| 216|0x000000008d800000, 0x000000008d800000, 0x000000008d900000|  0%| F|  |TAMS 0x000000008d800000, 0x000000008d800000| Untracked 
| 217|0x000000008d900000, 0x000000008d900000, 0x000000008da00000|  0%| F|  |TAMS 0x000000008d900000, 0x000000008d900000| Untracked 
| 218|0x000000008da00000, 0x000000008da00000, 0x000000008db00000|  0%| F|  |TAMS 0x000000008da00000, 0x000000008da00000| Untracked 
| 219|0x000000008db00000, 0x000000008db00000, 0x000000008dc00000|  0%| F|  |TAMS 0x000000008db00000, 0x000000008db00000| Untracked 
| 220|0x000000008dc00000, 0x000000008dc00000, 0x000000008dd00000|  0%| F|  |TAMS 0x000000008dc00000, 0x000000008dc00000| Untracked 
| 221|0x000000008dd00000, 0x000000008dd00000, 0x000000008de00000|  0%| F|  |TAMS 0x000000008dd00000, 0x000000008dd00000| Untracked 
| 222|0x000000008de00000, 0x000000008de00000, 0x000000008df00000|  0%| F|  |TAMS 0x000000008de00000, 0x000000008de00000| Untracked 
| 223|0x000000008df00000, 0x000000008df00000, 0x000000008e000000|  0%| F|  |TAMS 0x000000008df00000, 0x000000008df00000| Untracked 
| 224|0x000000008e000000, 0x000000008e000000, 0x000000008e100000|  0%| F|  |TAMS 0x000000008e000000, 0x000000008e000000| Untracked 
| 225|0x000000008e100000, 0x000000008e100000, 0x000000008e200000|  0%| F|  |TAMS 0x000000008e100000, 0x000000008e100000| Untracked 
| 226|0x000000008e200000, 0x000000008e200000, 0x000000008e300000|  0%| F|  |TAMS 0x000000008e200000, 0x000000008e200000| Untracked 
| 227|0x000000008e300000, 0x000000008e300000, 0x000000008e400000|  0%| F|  |TAMS 0x000000008e300000, 0x000000008e300000| Untracked 
| 228|0x000000008e400000, 0x000000008e400000, 0x000000008e500000|  0%| F|  |TAMS 0x000000008e400000, 0x000000008e400000| Untracked 
| 229|0x000000008e500000, 0x000000008e500000, 0x000000008e600000|  0%| F|  |TAMS 0x000000008e500000, 0x000000008e500000| Untracked 
| 230|0x000000008e600000, 0x000000008e600000, 0x000000008e700000|  0%| F|  |TAMS 0x000000008e600000, 0x000000008e600000| Untracked 
| 231|0x000000008e700000, 0x000000008e700000, 0x000000008e800000|  0%| F|  |TAMS 0x000000008e700000, 0x000000008e700000| Untracked 

Card table byte_map: [0x000001c14c210000,0x000001c14c610000] _byte_map_base: 0x000001c14be10000

Marking Bits (Prev, Next): (CMBitMap*) 0x000001c1399aa430, (CMBitMap*) 0x000001c1399aa470
 Prev Bits: [0x000001c14ca10000, 0x000001c14ea10000)
 Next Bits: [0x000001c14ea10000, 0x000001c150a10000)

Polling page: 0x000001c137540000

Metaspace:

Usage:
  Non-class:    113.32 MB used.
      Class:     16.71 MB used.
       Both:    130.03 MB used.

Virtual space:
  Non-class space:      120.00 MB reserved,     113.75 MB ( 95%) committed,  15 nodes.
      Class space:        1.00 GB reserved,      17.00 MB (  2%) committed,  1 nodes.
             Both:        1.12 GB reserved,     130.75 MB ( 11%) committed. 

Chunk freelists:
   Non-Class:  1.97 MB
       Class:  2.88 MB
        Both:  4.84 MB

MaxMetaspaceSize: unlimited
CompressedClassSpaceSize: 1.00 GB
Initial GC threshold: 21.00 MB
Current GC threshold: 206.19 MB
CDS: off
MetaspaceReclaimPolicy: balanced
 - commit_granule_bytes: 65536.
 - commit_granule_words: 8192.
 - virtual_space_node_default_size: 1048576.
 - enlarge_chunks_in_place: 1.
 - new_chunks_are_fully_committed: 0.
 - uncommit_free_chunks: 1.
 - use_allocation_guard: 0.
 - handle_deallocations: 1.


Internal statistics:

num_allocs_failed_limit: 3.
num_arena_births: 934.
num_arena_deaths: 0.
num_vsnodes_births: 16.
num_vsnodes_deaths: 0.
num_space_committed: 2090.
num_space_uncommitted: 0.
num_chunks_returned_to_freelist: 3.
num_chunks_taken_from_freelist: 5396.
num_chunk_merges: 3.
num_chunk_splits: 4121.
num_chunks_enlarged: 3334.
num_purges: 0.
num_inconsistent_stats: 0.

CodeHeap 'non-profiled nmethods': size=120000Kb used=6560Kb max_used=6560Kb free=113440Kb
 bounds [0x000001c1448e0000, 0x000001c144f50000, 0x000001c14be10000]
CodeHeap 'profiled nmethods': size=120000Kb used=23820Kb max_used=23820Kb free=96179Kb
 bounds [0x000001c13ce10000, 0x000001c13e560000, 0x000001c144340000]
CodeHeap 'non-nmethods': size=5760Kb used=2519Kb max_used=2620Kb free=3240Kb
 bounds [0x000001c144340000, 0x000001c1445e0000, 0x000001c1448e0000]
 total_blobs=12295 nmethods=11214 adapters=990
 compilation: enabled
              stopped_count=0, restarted_count=0
 full_count=0

Compilation events (20 events):
Event: 49.350 Thread 0x000001c15383aa70 12576       3       org.jetbrains.kotlin.com.intellij.lang.impl.MarkerProduction::findLinearly (44 bytes)
Event: 49.350 Thread 0x000001c15383aa70 nmethod 12576 0x000001c13e54b710 code [0x000001c13e54b8c0, 0x000001c13e54bcd8]
Event: 49.350 Thread 0x000001c15383aa70 12573       3       org.jetbrains.kotlin.com.intellij.lang.impl.PsiBuilderImpl$ProductionMarker::clean (16 bytes)
Event: 49.350 Thread 0x000001c15383aa70 nmethod 12573 0x000001c13e54be10 code [0x000001c13e54bfa0, 0x000001c13e54c0f8]
Event: 49.350 Thread 0x000001c15383aa70 12577       3       org.jetbrains.kotlin.com.intellij.lang.impl.PsiBuilderImpl$StartMarker::getLexemeIndex (16 bytes)
Event: 49.350 Thread 0x000001c15383aa70 nmethod 12577 0x000001c13e54c190 code [0x000001c13e54c320, 0x000001c13e54c498]
Event: 49.350 Thread 0x000001c15383aa70 12575       3       org.jetbrains.kotlin.com.intellij.lang.impl.PsiBuilderImpl$StartMarker::clean (39 bytes)
Event: 49.351 Thread 0x000001c15383aa70 nmethod 12575 0x000001c13e54c510 code [0x000001c13e54c6c0, 0x000001c13e54c988]
Event: 49.351 Thread 0x000001c15383aa70 12574       3       org.jetbrains.kotlin.com.intellij.util.containers.IntStack::push (50 bytes)
Event: 49.351 Thread 0x000001c15383aa70 nmethod 12574 0x000001c13e54ca90 code [0x000001c13e54cc40, 0x000001c13e54cea8]
Event: 49.351 Thread 0x000001c15383aa70 12571       3       org.jetbrains.kotlin.com.intellij.lang.impl.MarkerProduction::dropMarker (48 bytes)
Event: 49.352 Thread 0x000001c15383aa70 nmethod 12571 0x000001c13e54d010 code [0x000001c13e54d240, 0x000001c13e54da98]
Event: 49.352 Thread 0x000001c15383aa70 12579       3       org.jetbrains.kotlin.cli.jvm.config.JvmContentRootsKt::addJvmClasspathRoot (28 bytes)
Event: 49.355 Thread 0x000001c15383aa70 nmethod 12579 0x000001c13e54dd90 code [0x000001c13e54e140, 0x000001c13e54f668]
Event: 49.355 Thread 0x000001c15383aa70 12580       3       org.jetbrains.kotlin.cli.jvm.config.JvmClasspathRoot::<init> (13 bytes)
Event: 49.356 Thread 0x000001c15383aa70 nmethod 12580 0x000001c13e54fe10 code [0x000001c13e5500a0, 0x000001c13e550bd8]
Event: 49.356 Thread 0x000001c15383aa70 12581       3       org.jetbrains.kotlin.cli.jvm.config.JvmClasspathRoot::<init> (21 bytes)
Event: 49.357 Thread 0x000001c15383aa70 nmethod 12581 0x000001c13e551010 code [0x000001c13e551220, 0x000001c13e551898]
Event: 49.357 Thread 0x000001c15383aa70 12582       2       org.jetbrains.kotlin.com.intellij.openapi.vfs.impl.ZipHandlerBase::getOrCreate (305 bytes)
Event: 49.360 Thread 0x000001c15383aa70 nmethod 12582 0x000001c13e551b10 code [0x000001c13e551ea0, 0x000001c13e5529c8]

GC Heap History (20 events):
Event: 36.330 GC heap after
{Heap after GC invocations=46 (full 0):
 garbage-first heap   total 215040K, used 112987K [0x0000000080000000, 0x0000000100000000)
  region size 1024K, 7 young (7168K), 7 survivors (7168K)
 Metaspace       used 107213K, committed 107840K, reserved 1146880K
  class space    used 13775K, committed 14080K, reserved 1048576K
}
Event: 36.452 GC heap before
{Heap before GC invocations=46 (full 0):
 garbage-first heap   total 215040K, used 115035K [0x0000000080000000, 0x0000000100000000)
  region size 1024K, 10 young (10240K), 7 survivors (7168K)
 Metaspace       used 107730K, committed 108416K, reserved 1146880K
  class space    used 13831K, committed 14144K, reserved 1048576K
}
Event: 36.463 GC heap after
{Heap after GC invocations=47 (full 0):
 garbage-first heap   total 215040K, used 112718K [0x0000000080000000, 0x0000000100000000)
  region size 1024K, 2 young (2048K), 2 survivors (2048K)
 Metaspace       used 107730K, committed 108416K, reserved 1146880K
  class space    used 13831K, committed 14144K, reserved 1048576K
}
Event: 37.368 GC heap before
{Heap before GC invocations=47 (full 0):
 garbage-first heap   total 215040K, used 138318K [0x0000000080000000, 0x0000000100000000)
  region size 1024K, 29 young (29696K), 2 survivors (2048K)
 Metaspace       used 108918K, committed 109504K, reserved 1146880K
  class space    used 13999K, committed 14272K, reserved 1048576K
}
Event: 37.377 GC heap after
{Heap after GC invocations=48 (full 0):
 garbage-first heap   total 215040K, used 115156K [0x0000000080000000, 0x0000000100000000)
  region size 1024K, 4 young (4096K), 4 survivors (4096K)
 Metaspace       used 108918K, committed 109504K, reserved 1146880K
  class space    used 13999K, committed 14272K, reserved 1048576K
}
Event: 38.609 GC heap before
{Heap before GC invocations=49 (full 0):
 garbage-first heap   total 232448K, used 179668K [0x0000000080000000, 0x0000000100000000)
  region size 1024K, 66 young (67584K), 4 survivors (4096K)
 Metaspace       used 109834K, committed 110464K, reserved 1146880K
  class space    used 14064K, committed 14336K, reserved 1048576K
}
Event: 38.626 GC heap after
{Heap after GC invocations=50 (full 0):
 garbage-first heap   total 232448K, used 120029K [0x0000000080000000, 0x0000000100000000)
  region size 1024K, 9 young (9216K), 9 survivors (9216K)
 Metaspace       used 109834K, committed 110464K, reserved 1146880K
  class space    used 14064K, committed 14336K, reserved 1048576K
}
Event: 41.565 GC heap before
{Heap before GC invocations=50 (full 0):
 garbage-first heap   total 232448K, used 190685K [0x0000000080000000, 0x0000000100000000)
  region size 1024K, 79 young (80896K), 9 survivors (9216K)
 Metaspace       used 115696K, committed 116352K, reserved 1155072K
  class space    used 14946K, committed 15232K, reserved 1048576K
}
Event: 41.576 GC heap after
{Heap after GC invocations=51 (full 0):
 garbage-first heap   total 232448K, used 116986K [0x0000000080000000, 0x0000000100000000)
  region size 1024K, 5 young (5120K), 5 survivors (5120K)
 Metaspace       used 115696K, committed 116352K, reserved 1155072K
  class space    used 14946K, committed 15232K, reserved 1048576K
}
Event: 43.857 GC heap before
{Heap before GC invocations=52 (full 0):
 garbage-first heap   total 232448K, used 196858K [0x0000000080000000, 0x0000000100000000)
  region size 1024K, 79 young (80896K), 5 survivors (5120K)
 Metaspace       used 123725K, committed 124480K, reserved 1163264K
  class space    used 15977K, committed 16320K, reserved 1048576K
}
Event: 43.872 GC heap after
{Heap after GC invocations=53 (full 0):
 garbage-first heap   total 232448K, used 125927K [0x0000000080000000, 0x0000000100000000)
  region size 1024K, 10 young (10240K), 10 survivors (10240K)
 Metaspace       used 123725K, committed 124480K, reserved 1163264K
  class space    used 15977K, committed 16320K, reserved 1048576K
}
Event: 43.911 GC heap before
{Heap before GC invocations=53 (full 0):
 garbage-first heap   total 232448K, used 126951K [0x0000000080000000, 0x0000000100000000)
  region size 1024K, 11 young (11264K), 10 survivors (10240K)
 Metaspace       used 123867K, committed 124608K, reserved 1163264K
  class space    used 15998K, committed 16320K, reserved 1048576K
}
Event: 43.925 GC heap after
{Heap after GC invocations=54 (full 0):
 garbage-first heap   total 232448K, used 127058K [0x0000000080000000, 0x0000000100000000)
  region size 1024K, 1 young (1024K), 1 survivors (1024K)
 Metaspace       used 123867K, committed 124608K, reserved 1163264K
  class space    used 15998K, committed 16320K, reserved 1048576K
}
Event: 44.314 GC heap before
{Heap before GC invocations=54 (full 0):
 garbage-first heap   total 232448K, used 137298K [0x0000000080000000, 0x0000000100000000)
  region size 1024K, 12 young (12288K), 1 survivors (1024K)
 Metaspace       used 125905K, committed 126656K, reserved 1163264K
  class space    used 16252K, committed 16576K, reserved 1048576K
}
Event: 44.318 GC heap after
{Heap after GC invocations=55 (full 0):
 garbage-first heap   total 232448K, used 127697K [0x0000000080000000, 0x0000000100000000)
  region size 1024K, 2 young (2048K), 2 survivors (2048K)
 Metaspace       used 125905K, committed 126656K, reserved 1163264K
  class space    used 16252K, committed 16576K, reserved 1048576K
}
Event: 46.306 GC heap before
{Heap before GC invocations=56 (full 0):
 garbage-first heap   total 237568K, used 199377K [0x0000000080000000, 0x0000000100000000)
  region size 1024K, 65 young (66560K), 2 survivors (2048K)
 Metaspace       used 130917K, committed 131648K, reserved 1171456K
  class space    used 16913K, committed 17216K, reserved 1048576K
}
Event: 46.319 GC heap after
{Heap after GC invocations=57 (full 0):
 garbage-first heap   total 237568K, used 132493K [0x0000000080000000, 0x0000000100000000)
  region size 1024K, 7 young (7168K), 7 survivors (7168K)
 Metaspace       used 130917K, committed 131648K, reserved 1171456K
  class space    used 16913K, committed 17216K, reserved 1048576K
}
Event: 46.452 GC heap before
{Heap before GC invocations=57 (full 0):
 garbage-first heap   total 237568K, used 136589K [0x0000000080000000, 0x0000000100000000)
  region size 1024K, 11 young (11264K), 7 survivors (7168K)
 Metaspace       used 131735K, committed 132480K, reserved 1171456K
  class space    used 16993K, committed 17344K, reserved 1048576K
}
Event: 46.461 GC heap after
{Heap after GC invocations=58 (full 0):
 garbage-first heap   total 237568K, used 130697K [0x0000000080000000, 0x0000000100000000)
  region size 1024K, 1 young (1024K), 1 survivors (1024K)
 Metaspace       used 131735K, committed 132480K, reserved 1171456K
  class space    used 16993K, committed 17344K, reserved 1048576K
}
Event: 49.367 GC heap before
{Heap before GC invocations=58 (full 0):
 garbage-first heap   total 237568K, used 194185K [0x0000000080000000, 0x0000000100000000)
  region size 1024K, 64 young (65536K), 1 survivors (1024K)
 Metaspace       used 133146K, committed 133888K, reserved 1171456K
  class space    used 17111K, committed 17408K, reserved 1048576K
}

Dll operation events (2 events):
Event: 0.027 Loaded shared library C:\Program Files\Android\Android Studio\jbr\bin\java.dll
Event: 1.988 Loaded shared library C:\Program Files\Android\Android Studio\jbr\bin\verify.dll

Deoptimization events (20 events):
Event: 47.171 Thread 0x000001c156f79c90 Uncommon trap: trap_request=0xffffff45 fr.pc=0x000001c144f1dfdc relative=0x00000000000001bc
Event: 47.171 Thread 0x000001c156f79c90 Uncommon trap: reason=unstable_if action=reinterpret pc=0x000001c144f1dfdc method=kotlinx.metadata.internal.protobuf.ByteString.copyTo([BIII)V @ 212 c2
Event: 47.171 Thread 0x000001c156f79c90 DEOPT PACKING pc=0x000001c144f1dfdc sp=0x000000a951ef63d0
Event: 47.171 Thread 0x000001c156f79c90 DEOPT UNPACKING pc=0x000001c1443969a3 sp=0x000000a951ef62e0 mode 2
Event: 47.171 Thread 0x000001c156f79c90 Uncommon trap: trap_request=0xffffff45 fr.pc=0x000001c144f1e5fc relative=0x000000000000015c
Event: 47.171 Thread 0x000001c156f79c90 Uncommon trap: reason=unstable_if action=reinterpret pc=0x000001c144f1e5fc method=kotlinx.metadata.internal.protobuf.ByteString.copyTo([BIII)V @ 212 c2
Event: 47.171 Thread 0x000001c156f79c90 DEOPT PACKING pc=0x000001c144f1e5fc sp=0x000000a951ef6320
Event: 47.171 Thread 0x000001c156f79c90 DEOPT UNPACKING pc=0x000001c1443969a3 sp=0x000000a951ef62c8 mode 2
Event: 49.224 Thread 0x000001c156b6d6e0 Uncommon trap: trap_request=0xffffff45 fr.pc=0x000001c144df889c relative=0x000000000000025c
Event: 49.224 Thread 0x000001c156b6d6e0 Uncommon trap: reason=unstable_if action=reinterpret pc=0x000001c144df889c method=com.esotericsoftware.kryo.io.Output.writeString(Ljava/lang/CharSequence;)V @ 50 c2
Event: 49.224 Thread 0x000001c156b6d6e0 DEOPT PACKING pc=0x000001c144df889c sp=0x000000a9533fe370
Event: 49.224 Thread 0x000001c156b6d6e0 DEOPT UNPACKING pc=0x000001c1443969a3 sp=0x000000a9533fe300 mode 2
Event: 49.230 Thread 0x000001c156b6d6e0 Uncommon trap: trap_request=0xffffff45 fr.pc=0x000001c144d41f2c relative=0x000000000000030c
Event: 49.230 Thread 0x000001c156b6d6e0 Uncommon trap: reason=unstable_if action=reinterpret pc=0x000001c144d41f2c method=java.io.BufferedOutputStream.write([BII)V @ 6 c2
Event: 49.230 Thread 0x000001c156b6d6e0 DEOPT PACKING pc=0x000001c144d41f2c sp=0x000000a9533fe510
Event: 49.230 Thread 0x000001c156b6d6e0 DEOPT UNPACKING pc=0x000001c1443969a3 sp=0x000000a9533fe450 mode 2
Event: 49.298 Thread 0x000001c156f7a630 Uncommon trap: trap_request=0xffffffbe fr.pc=0x000001c144f44c98 relative=0x0000000000000278
Event: 49.298 Thread 0x000001c156f7a630 Uncommon trap: reason=profile_predicate action=maybe_recompile pc=0x000001c144f44c98 method=java.util.Collections.indexedBinarySearch(Ljava/util/List;Ljava/lang/Object;)I @ 13 c2
Event: 49.298 Thread 0x000001c156f7a630 DEOPT PACKING pc=0x000001c144f44c98 sp=0x000000a9522fe240
Event: 49.298 Thread 0x000001c156f7a630 DEOPT UNPACKING pc=0x000001c1443969a3 sp=0x000000a9522fe1c0 mode 2

Classes unloaded (0 events):
No events

Classes redefined (0 events):
No events

Internal exceptions (20 events):
Event: 39.914 Thread 0x000001c156f79c90 Exception <a 'java/lang/ClassNotFoundException'{0x000000008c6784f0}: org/gradle/api/internal/project/DefaultProject_DecoratedBeanInfo> (0x000000008c6784f0) 
thrown [s\src\hotspot\share\classfile\systemDictionary.cpp, line 256]
Event: 39.915 Thread 0x000001c156f79c90 Exception <a 'java/lang/ClassNotFoundException'{0x000000008c685240}: org/gradle/api/internal/project/DefaultProjectBeanInfo> (0x000000008c685240) 
thrown [s\src\hotspot\share\classfile\systemDictionary.cpp, line 256]
Event: 39.917 Thread 0x000001c156f79c90 Exception <a 'java/lang/ClassNotFoundException'{0x000000008c691d40}: org/gradle/api/internal/project/DefaultProjectCustomizer> (0x000000008c691d40) 
thrown [s\src\hotspot\share\classfile\systemDictionary.cpp, line 256]
Event: 39.924 Thread 0x000001c156f79c90 Exception <a 'java/lang/ClassNotFoundException'{0x000000008c53b2c8}: org/gradle/api/internal/project/DefaultProject_DecoratedCustomizer> (0x000000008c53b2c8) 
thrown [s\src\hotspot\share\classfile\systemDictionary.cpp, line 256]
Event: 40.390 Thread 0x000001c156f79c90 Exception <a 'java/lang/NoSuchMethodError'{0x000000008b898bf8}: 'int java.lang.invoke.DirectMethodHandle$Holder.invokeStaticInit(java.lang.Object, java.lang.Object, java.lang.Object, java.lang.Object, java.lang.Object)'> (0x000000008b898bf8) 
thrown [s\src\hotspot\share\interpreter\linkResolver.cpp, line 771]
Event: 40.483 Thread 0x000001c156b71f10 Exception <a 'sun/nio/fs/WindowsException'{0x000000008b64bd20}> (0x000000008b64bd20) 
thrown [s\src\hotspot\share\prims\jni.cpp, line 517]
Event: 40.489 Thread 0x000001c156b71f10 Exception <a 'sun/nio/fs/WindowsException'{0x000000008b65f790}> (0x000000008b65f790) 
thrown [s\src\hotspot\share\prims\jni.cpp, line 517]
Event: 40.490 Thread 0x000001c156b71f10 Exception <a 'sun/nio/fs/WindowsException'{0x000000008b65f928}> (0x000000008b65f928) 
thrown [s\src\hotspot\share\prims\jni.cpp, line 517]
Event: 40.837 Thread 0x000001c156f79c90 Exception <a 'java/lang/NoSuchMethodError'{0x000000008ad8ea58}: 'java.lang.Object java.lang.invoke.DirectMethodHandle$Holder.newInvokeSpecial(java.lang.Object, java.lang.Object, java.lang.Object, java.lang.Object, java.lang.Object, int)'> (0x000000008ad8ea58) 
thrown [s\src\hotspot\share\interpreter\linkResolver.cpp, line 771]
Event: 40.838 Thread 0x000001c156f79c90 Exception <a 'java/lang/NoSuchMethodError'{0x000000008ad93e68}: 'java.lang.Object java.lang.invoke.DirectMethodHandle$Holder.invokeSpecial(java.lang.Object, java.lang.Object, java.lang.Object, java.lang.Object, java.lang.Object, java.lang.Object, int)'> (0x000000008ad93e68) 
thrown [s\src\hotspot\share\interpreter\linkResolver.cpp, line 771]
Event: 40.868 Thread 0x000001c156f79c90 Exception <a 'java/lang/NoSuchMethodError'{0x000000008ac318d0}: 'void java.lang.invoke.DirectMethodHandle$Holder.invokeStatic(java.lang.Object, java.lang.Object, java.lang.Object, int, java.lang.Object)'> (0x000000008ac318d0) 
thrown [s\src\hotspot\share\interpreter\linkResolver.cpp, line 771]
Event: 41.513 Thread 0x000001c156f79c90 Implicit null exception at 0x000001c144dde9ef to 0x000001c144ddec5c
Event: 42.128 Thread 0x000001c156b710a0 Exception <a 'sun/nio/fs/WindowsException'{0x000000008d7cfa40}> (0x000000008d7cfa40) 
thrown [s\src\hotspot\share\prims\jni.cpp, line 517]
Event: 42.134 Thread 0x000001c156b710a0 Exception <a 'sun/nio/fs/WindowsException'{0x000000008cf36318}> (0x000000008cf36318) 
thrown [s\src\hotspot\share\prims\jni.cpp, line 517]
Event: 42.136 Thread 0x000001c156b710a0 Exception <a 'sun/nio/fs/WindowsException'{0x000000008cf364b0}> (0x000000008cf364b0) 
thrown [s\src\hotspot\share\prims\jni.cpp, line 517]
Event: 42.148 Thread 0x000001c156f79c90 Implicit null exception at 0x000001c144ddb312 to 0x000001c144ddb9a8
Event: 43.044 Thread 0x000001c156f79c90 Exception <a 'java/lang/NoSuchMethodError'{0x000000008b012060}: 'int java.lang.invoke.DirectMethodHandle$Holder.invokeInterface(java.lang.Object, java.lang.Object, java.lang.Object, java.lang.Object)'> (0x000000008b012060) 
thrown [s\src\hotspot\share\interpreter\linkResolver.cpp, line 771]
Event: 43.770 Thread 0x000001c156f79c90 Exception <a 'java/lang/IncompatibleClassChangeError'{0x0000000089aec450}: Found class java.lang.Object, but interface was expected> (0x0000000089aec450) 
thrown [s\src\hotspot\share\interpreter\linkResolver.cpp, line 838]
Event: 43.881 Thread 0x000001c156f79c90 Implicit null exception at 0x000001c144bcb154 to 0x000001c144bcb300
Event: 44.658 Thread 0x000001c156f79c90 Exception <a 'sun/nio/fs/WindowsException'{0x000000008e5c33a8}> (0x000000008e5c33a8) 
thrown [s\src\hotspot\share\prims\jni.cpp, line 517]

VM Operations (20 events):
Event: 44.130 Executing VM operation: HandshakeAllThreads done
Event: 44.314 Executing VM operation: G1TryInitiateConcMark
Event: 44.318 Executing VM operation: G1TryInitiateConcMark done
Event: 44.542 Executing VM operation: G1Concurrent
Event: 44.552 Executing VM operation: G1Concurrent done
Event: 44.656 Executing VM operation: G1Concurrent
Event: 44.656 Executing VM operation: G1Concurrent done
Event: 45.666 Executing VM operation: Cleanup
Event: 45.666 Executing VM operation: Cleanup done
Event: 46.031 Executing VM operation: HandshakeAllThreads
Event: 46.032 Executing VM operation: HandshakeAllThreads done
Event: 46.306 Executing VM operation: G1CollectForAllocation
Event: 46.319 Executing VM operation: G1CollectForAllocation done
Event: 46.452 Executing VM operation: G1CollectForAllocation
Event: 46.461 Executing VM operation: G1CollectForAllocation done
Event: 47.467 Executing VM operation: Cleanup
Event: 47.468 Executing VM operation: Cleanup done
Event: 48.469 Executing VM operation: Cleanup
Event: 48.469 Executing VM operation: Cleanup done
Event: 49.367 Executing VM operation: G1CollectForAllocation

Events (20 events):
Event: 44.302 loading class java/util/Base64 done
Event: 44.302 loading class java/util/Base64$Decoder
Event: 44.302 loading class java/util/Base64$Decoder done
Event: 44.303 loading class java/util/Base64$Encoder
Event: 44.303 loading class java/util/Base64$Encoder done
Event: 44.304 loading class java/util/jar/JarVerifier$VerifierStream
Event: 44.305 loading class java/util/jar/JarVerifier$VerifierStream done
Event: 44.305 loading class sun/security/util/ManifestEntryVerifier$SunProviderHolder
Event: 44.305 loading class sun/security/util/ManifestEntryVerifier$SunProviderHolder done
Event: 44.633 loading class java/security/KeyStore$ProtectionParameter
Event: 44.633 loading class java/security/KeyStore$ProtectionParameter done
Event: 45.406 loading class java/security/KeyStore
Event: 45.407 loading class java/security/KeyStore done
Event: 45.407 loading class java/security/KeyStore$1
Event: 45.408 loading class java/security/KeyStore$1 done
Event: 45.660 loading class sun/reflect/annotation/AnnotationInvocationHandler$1
Event: 45.660 loading class sun/reflect/annotation/AnnotationInvocationHandler$1 done
Event: 46.160 Thread 0x000001c1594bf3c0 Thread added: 0x000001c1594bf3c0
Event: 47.586 Thread 0x000001c161429c50 Thread exited: 0x000001c161429c50
Event: 49.263 Thread 0x000001c161429c50 Thread added: 0x000001c161429c50


Dynamic libraries:
0x00007ff60be40000 - 0x00007ff60be4a000 	C:\Program Files\Android\Android Studio\jbr\bin\java.exe
0x00007ffd96650000 - 0x00007ffd96848000 	C:\Windows\SYSTEM32\ntdll.dll
0x00007ffd954f0000 - 0x00007ffd955ad000 	C:\Windows\System32\KERNEL32.DLL
0x00007ffd943a0000 - 0x00007ffd94696000 	C:\Windows\System32\KERNELBASE.dll
0x00007ffd61530000 - 0x00007ffd6160b000 	C:\Program Files\Bitdefender\Endpoint Security\bdhkm\dlls_267051938518645122\bdhkm64.dll
0x00007ffd613c0000 - 0x00007ffd6152c000 	C:\Program Files\Bitdefender\Endpoint Security\atcuf\dlls_267051938420662340\atcuf64.dll
0x00007ffd94110000 - 0x00007ffd94210000 	C:\Windows\System32\ucrtbase.dll
0x00007ffd6fe00000 - 0x00007ffd6fe17000 	C:\Program Files\Android\Android Studio\jbr\bin\jli.dll
0x00007ffd95290000 - 0x00007ffd9542e000 	C:\Windows\System32\USER32.dll
0x00007ffd94370000 - 0x00007ffd94392000 	C:\Windows\System32\win32u.dll
0x00007ffd94c50000 - 0x00007ffd94c7c000 	C:\Windows\System32\GDI32.dll
0x00007ffd93e80000 - 0x00007ffd93f9a000 	C:\Windows\System32\gdi32full.dll
0x00007ffd93de0000 - 0x00007ffd93e7d000 	C:\Windows\System32\msvcp_win.dll
0x00007ffd82b60000 - 0x00007ffd82b7b000 	C:\Program Files\Android\Android Studio\jbr\bin\VCRUNTIME140.dll
0x00007ffd7ee80000 - 0x00007ffd7f11a000 	C:\Windows\WinSxS\amd64_microsoft.windows.common-controls_6595b64144ccf1df_6.0.19041.3636_none_60b6a03d71f818d5\COMCTL32.dll
0x00007ffd963f0000 - 0x00007ffd9648e000 	C:\Windows\System32\msvcrt.dll
0x00007ffd963c0000 - 0x00007ffd963f0000 	C:\Windows\System32\IMM32.DLL
0x00007ffd84d70000 - 0x00007ffd84d7c000 	C:\Program Files\Android\Android Studio\jbr\bin\vcruntime140_1.dll
0x00007ffd56c90000 - 0x00007ffd56d1d000 	C:\Program Files\Android\Android Studio\jbr\bin\msvcp140.dll
0x00007ffd4ac30000 - 0x00007ffd4b89e000 	C:\Program Files\Android\Android Studio\jbr\bin\server\jvm.dll
0x00007ffd96100000 - 0x00007ffd961b3000 	C:\Windows\System32\ADVAPI32.dll
0x00007ffd96510000 - 0x00007ffd965af000 	C:\Windows\System32\sechost.dll
0x00007ffd95040000 - 0x00007ffd95166000 	C:\Windows\System32\RPCRT4.dll
0x00007ffd93d20000 - 0x00007ffd93d47000 	C:\Windows\System32\bcrypt.dll
0x00007ffd806e0000 - 0x00007ffd806e9000 	C:\Windows\SYSTEM32\WSOCK32.dll
0x00007ffd96350000 - 0x00007ffd963bb000 	C:\Windows\System32\WS2_32.dll
0x00007ffd806f0000 - 0x00007ffd80717000 	C:\Windows\SYSTEM32\WINMM.dll
0x00007ffd8cf30000 - 0x00007ffd8cf3a000 	C:\Windows\SYSTEM32\VERSION.dll
0x00007ffd919b0000 - 0x00007ffd919c2000 	C:\Windows\SYSTEM32\kernel.appcore.dll
0x00007ffd837b0000 - 0x00007ffd837ba000 	C:\Program Files\Android\Android Studio\jbr\bin\jimage.dll
0x00007ffd85600000 - 0x00007ffd857e4000 	C:\Windows\SYSTEM32\DBGHELP.DLL
0x00007ffd7ea40000 - 0x00007ffd7ea74000 	C:\Windows\SYSTEM32\dbgcore.DLL
0x00007ffd93d50000 - 0x00007ffd93dd2000 	C:\Windows\System32\bcryptPrimitives.dll
0x00007ffd67af0000 - 0x00007ffd67b15000 	C:\Program Files\Android\Android Studio\jbr\bin\java.dll
0x00007ffd81310000 - 0x00007ffd81328000 	C:\Program Files\Android\Android Studio\jbr\bin\zip.dll
0x00007ffd955b0000 - 0x00007ffd95cf5000 	C:\Windows\System32\SHELL32.dll
0x00007ffd91bb0000 - 0x00007ffd9234b000 	C:\Windows\SYSTEM32\windows.storage.dll
0x00007ffd94ce0000 - 0x00007ffd95034000 	C:\Windows\System32\combase.dll
0x00007ffd93670000 - 0x00007ffd9369d000 	C:\Windows\SYSTEM32\Wldp.dll
0x00007ffd95430000 - 0x00007ffd954dd000 	C:\Windows\System32\SHCORE.dll
0x00007ffd95fd0000 - 0x00007ffd96025000 	C:\Windows\System32\shlwapi.dll
0x00007ffd93c50000 - 0x00007ffd93c75000 	C:\Windows\SYSTEM32\profapi.dll
0x00007ffd81270000 - 0x00007ffd81289000 	C:\Program Files\Android\Android Studio\jbr\bin\net.dll
0x00007ffd8ea30000 - 0x00007ffd8eb3a000 	C:\Windows\SYSTEM32\WINHTTP.dll
0x00007ffd93450000 - 0x00007ffd934ba000 	C:\Windows\system32\mswsock.dll
0x00007ffd80d80000 - 0x00007ffd80d96000 	C:\Program Files\Android\Android Studio\jbr\bin\nio.dll
0x00007ffd82fb0000 - 0x00007ffd82fc0000 	C:\Program Files\Android\Android Studio\jbr\bin\verify.dll
0x00007ffd710a0000 - 0x00007ffd710c7000 	C:\Users\aluno.LABINFO\.gradle\native\68d5fa5c4cc2d200863cafc0d521ce42e7d3e7ee720ec0a83991735586a16f82\windows-amd64\native-platform.dll
0x00007ffd48a50000 - 0x00007ffd48b94000 	C:\Users\aluno.LABINFO\.gradle\native\e376f236ea51e6404a007f0833ffe2c6e607c4080706a723a18a27aeea778392\windows-amd64\native-platform-file-events.dll
0x00007ffd82dd0000 - 0x00007ffd82dd9000 	C:\Program Files\Android\Android Studio\jbr\bin\management.dll
0x00007ffd82a30000 - 0x00007ffd82a3b000 	C:\Program Files\Android\Android Studio\jbr\bin\management_ext.dll
0x00007ffd94c40000 - 0x00007ffd94c48000 	C:\Windows\System32\PSAPI.DLL
0x00007ffd936b0000 - 0x00007ffd936c8000 	C:\Windows\SYSTEM32\CRYPTSP.dll
0x00007ffd92d30000 - 0x00007ffd92d64000 	C:\Windows\system32\rsaenh.dll
0x00007ffd93c10000 - 0x00007ffd93c3e000 	C:\Windows\SYSTEM32\USERENV.dll
0x00007ffd935e0000 - 0x00007ffd935ec000 	C:\Windows\SYSTEM32\CRYPTBASE.dll
0x00007ffd93110000 - 0x00007ffd9314b000 	C:\Windows\SYSTEM32\IPHLPAPI.DLL
0x00007ffd95d00000 - 0x00007ffd95d08000 	C:\Windows\System32\NSI.dll
0x00007ffd8eb40000 - 0x00007ffd8eb57000 	C:\Windows\SYSTEM32\dhcpcsvc6.DLL
0x00007ffd8ea10000 - 0x00007ffd8ea2d000 	C:\Windows\SYSTEM32\dhcpcsvc.DLL
0x00007ffd93150000 - 0x00007ffd9321a000 	C:\Windows\SYSTEM32\DNSAPI.dll
0x00007ffd80b30000 - 0x00007ffd80b37000 	C:\Windows\system32\wshunix.dll

dbghelp: loaded successfully - version: 4.0.5 - missing functions: none
symbol engine: initialized successfully - sym options: 0x614 - pdb path: .;C:\Program Files\Android\Android Studio\jbr\bin;C:\Windows\SYSTEM32;C:\Program Files\Bitdefender\Endpoint Security\bdhkm\dlls_267051938518645122;C:\Program Files\Bitdefender\Endpoint Security\atcuf\dlls_267051938420662340;C:\Windows\WinSxS\amd64_microsoft.windows.common-controls_6595b64144ccf1df_6.0.19041.3636_none_60b6a03d71f818d5;C:\Program Files\Android\Android Studio\jbr\bin\server;C:\Users\aluno.LABINFO\.gradle\native\68d5fa5c4cc2d200863cafc0d521ce42e7d3e7ee720ec0a83991735586a16f82\windows-amd64;C:\Users\aluno.LABINFO\.gradle\native\e376f236ea51e6404a007f0833ffe2c6e607c4080706a723a18a27aeea778392\windows-amd64

VM Arguments:
jvm_args: --add-opens=java.base/java.util=ALL-UNNAMED --add-opens=java.base/java.lang=ALL-UNNAMED --add-opens=java.base/java.lang.invoke=ALL-UNNAMED --add-opens=java.prefs/java.util.prefs=ALL-UNNAMED --add-opens=java.base/java.nio.charset=ALL-UNNAMED --add-opens=java.base/java.net=ALL-UNNAMED --add-opens=java.base/java.util.concurrent.atomic=ALL-UNNAMED -Xmx2048m -Dfile.encoding=UTF-8 -Duser.country=BR -Duser.language=pt -Duser.variant 
java_command: org.gradle.launcher.daemon.bootstrap.GradleDaemon 8.0
java_class_path (initial): C:\Users\aluno.LABINFO\.gradle\wrapper\dists\gradle-8.0-bin\ca5e32bp14vu59qr306oxotwh\gradle-8.0\lib\gradle-launcher-8.0.jar
Launcher Type: SUN_STANDARD

[Global flags]
     intx CICompilerCount                          = 3                                         {product} {ergonomic}
     uint ConcGCThreads                            = 1                                         {product} {ergonomic}
     uint G1ConcRefinementThreads                  = 4                                         {product} {ergonomic}
   size_t G1HeapRegionSize                         = 1048576                                   {product} {ergonomic}
    uintx GCDrainStackTargetSize                   = 64                                        {product} {ergonomic}
   size_t InitialHeapSize                          = 132120576                                 {product} {ergonomic}
   size_t MarkStackSize                            = 4194304                                   {product} {ergonomic}
   size_t MaxHeapSize                              = 2147483648                                {product} {command line}
   size_t MaxNewSize                               = 1287651328                                {product} {ergonomic}
   size_t MinHeapDeltaBytes                        = 1048576                                   {product} {ergonomic}
   size_t MinHeapSize                              = 8388608                                   {product} {ergonomic}
    uintx NonNMethodCodeHeapSize                   = 5832780                                {pd product} {ergonomic}
    uintx NonProfiledCodeHeapSize                  = 122912730                              {pd product} {ergonomic}
    uintx ProfiledCodeHeapSize                     = 122912730                              {pd product} {ergonomic}
    uintx ReservedCodeCacheSize                    = 251658240                              {pd product} {ergonomic}
     bool SegmentedCodeCache                       = true                                      {product} {ergonomic}
   size_t SoftMaxHeapSize                          = 2147483648                             {manageable} {ergonomic}
     bool UseCompressedClassPointers               = true                           {product lp64_product} {ergonomic}
     bool UseCompressedOops                        = true                           {product lp64_product} {ergonomic}
     bool UseG1GC                                  = true                                      {product} {ergonomic}
     bool UseLargePagesIndividualAllocation        = false                                  {pd product} {ergonomic}

Logging:
Log output configuration:
 #0: stdout all=warning uptime,level,tags
 #1: stderr all=off uptime,level,tags

Environment Variables:
JAVA_HOME=C:\Program Files\Java\jdk-17.0.2
CLASSPATH=C:\LINGO20\Lingo20.jar
PATH=C:\Program Files (x86)\VMware\VMware Player\bin\;C:\Program Files\Microsoft MPI\Bin\;C:\Python310\Scripts\;C:\Python310\;C:\Program Files\Common Files\Oracle\Java\javapath;C:\Program Files (x86)\Common Files\Oracle\Java\javapath;C:\Windows\system32;C:\Windows;C:\Windows\System32\Wbem;C:\Windows\System32\WindowsPowerShell\v1.0\;C:\Windows\System32\OpenSSH\;C:\Program Files\MATLAB\R2016b\bin;C:\Program Files\Microsoft VS Code\bin;C:\Program Files\nodejs\;C:\ProgramData\chocolatey\bin;C:\ProgramData\UNIVALI\Portugol Studio;C:\Program Files (x86)\Microsoft SQL Server\150\DTS\Binn\;C:\Program Files\Azure Data Studio\bin;C:\Program Files\Microsoft SQL Server\120\Tools\Binn\;C:\Program Files (x86)\Windows Kits\8.1\Windows Performance Toolkit\;C:\Program Files (x86)\Common Files\EpsonRC\exe;C:\Program Files (x86)\Microsoft SQL Server\160\Tools\Binn\;C:\Program Files\Microsoft SQL Server\160\Tools\Binn\;C:\Program Files\Microsoft SQL Server\Client SDK\ODBC\170\Tools\Binn\;C:\Program Files\Microsoft SQL Server\160\DTS\Binn\;C:\Program Files (x86)\dotnet\;C:\Program Files (x86)\CODESYS\APInstaller\;C:\LINGO20\;C:\Program Files\Docker\Docker\resources\bin;C:\Program Files\Git\cmd;C:\Program Files\dotnet\;C:\Users\aluno.LABINFO\AppData\Local\Microsoft\WindowsApps;C:\Users\aluno.LABINFO\AppData\Local\GitHubDesktop\bin
USERNAME=aluno
OS=Windows_NT
PROCESSOR_IDENTIFIER=Intel64 Family 6 Model 142 Stepping 9, GenuineIntel
TMP=C:\Users\ALUNO~1.LAB\AppData\Local\Temp
TEMP=C:\Users\ALUNO~1.LAB\AppData\Local\Temp


JNI global refs:
JNI global refs: 26, weak refs: 5

JNI global refs memory usage: 843, weak refs: 841


---------------  S Y S T E M  ---------------

OS:
 Windows 10 , 64 bit Build 19041 (10.0.19041.3636)
OS uptime: 12 days 23:15 hours
Hyper-V role detected

CPU: total 4 (initial active 4) (2 cores per cpu, 2 threads per core) family 6 model 142 stepping 9 microcode 0xb4, cx8, cmov, fxsr, ht, mmx, 3dnowpref, sse, sse2, sse3, ssse3, sse4.1, sse4.2, popcnt, lzcnt, tsc, tscinvbit, avx, avx2, aes, erms, clmul, bmi1, bmi2, rtm, adx, fma, vzeroupper, clflush, clflushopt, hv

Memory: 4k page, system-wide physical 8030M (393M free)
TotalPageFile size 11983M (AvailPageFile size 179M)
current process WorkingSet (physical memory assigned to process): 542M, peak: 548M
current process commit charge ("private bytes"): 575M, peak: 807M

vm_info: OpenJDK 64-Bit Server VM (17.0.6+0-b2043.56-10027231) for windows-amd64 JRE (17.0.6+0-b2043.56-10027231), built on Apr 28 2023 00:43:19 by "androidbuild" with MS VC++ 16.10 / 16.11 (VS2019)

END.
